{"C:\\Users\\BIOS Servis\\Desktop\\Projekti\\SI-server-grupa5\\server.js":{"path":"C:\\Users\\BIOS Servis\\Desktop\\Projekti\\SI-server-grupa5\\server.js","statementMap":{"0":{"start":{"line":1,"column":16},"end":{"line":1,"column":34}},"1":{"start":{"line":2,"column":12},"end":{"line":2,"column":21}},"2":{"start":{"line":3,"column":15},"end":{"line":3,"column":48}},"3":{"start":{"line":4,"column":13},"end":{"line":4,"column":28}},"4":{"start":{"line":5,"column":12},"end":{"line":5,"column":29}},"5":{"start":{"line":6,"column":18},"end":{"line":6,"column":31}},"6":{"start":{"line":7,"column":25},"end":{"line":7,"column":61}},"7":{"start":{"line":8,"column":12},"end":{"line":8,"column":75}},"8":{"start":{"line":9,"column":18},"end":{"line":9,"column":47}},"9":{"start":{"line":10,"column":18},"end":{"line":10,"column":43}},"10":{"start":{"line":11,"column":33},"end":{"line":11,"column":87}},"11":{"start":{"line":12,"column":21},"end":{"line":12,"column":55}},"12":{"start":{"line":13,"column":23},"end":{"line":13,"column":59}},"13":{"start":{"line":14,"column":24},"end":{"line":14,"column":68}},"14":{"start":{"line":15,"column":22},"end":{"line":15,"column":64}},"15":{"start":{"line":16,"column":19},"end":{"line":16,"column":41}},"16":{"start":{"line":18,"column":0},"end":{"line":18,"column":24}},"17":{"start":{"line":19,"column":0},"end":{"line":19,"column":16}},"18":{"start":{"line":20,"column":0},"end":{"line":20,"column":34}},"19":{"start":{"line":21,"column":0},"end":{"line":21,"column":43}},"20":{"start":{"line":22,"column":0},"end":{"line":22,"column":13}},"21":{"start":{"line":24,"column":0},"end":{"line":24,"column":66}},"22":{"start":{"line":25,"column":0},"end":{"line":25,"column":42}},"23":{"start":{"line":27,"column":0},"end":{"line":27,"column":50}},"24":{"start":{"line":28,"column":0},"end":{"line":28,"column":72}},"25":{"start":{"line":31,"column":0},"end":{"line":31,"column":40}},"26":{"start":{"line":35,"column":0},"end":{"line":35,"column":60}},"27":{"start":{"line":39,"column":0},"end":{"line":39,"column":69}},"28":{"start":{"line":40,"column":0},"end":{"line":40,"column":63}},"29":{"start":{"line":41,"column":0},"end":{"line":41,"column":67}},"30":{"start":{"line":42,"column":0},"end":{"line":42,"column":61}},"31":{"start":{"line":43,"column":0},"end":{"line":43,"column":65}},"32":{"start":{"line":44,"column":0},"end":{"line":44,"column":79}},"33":{"start":{"line":45,"column":0},"end":{"line":45,"column":81}},"34":{"start":{"line":46,"column":0},"end":{"line":46,"column":60}},"35":{"start":{"line":50,"column":0},"end":{"line":50,"column":71}},"36":{"start":{"line":51,"column":0},"end":{"line":51,"column":74}},"37":{"start":{"line":52,"column":0},"end":{"line":52,"column":70}},"38":{"start":{"line":53,"column":0},"end":{"line":53,"column":72}},"39":{"start":{"line":54,"column":0},"end":{"line":54,"column":74}},"40":{"start":{"line":55,"column":0},"end":{"line":55,"column":72}},"41":{"start":{"line":56,"column":0},"end":{"line":56,"column":72}},"42":{"start":{"line":57,"column":0},"end":{"line":57,"column":70}},"43":{"start":{"line":59,"column":0},"end":{"line":59,"column":67}},"44":{"start":{"line":60,"column":0},"end":{"line":60,"column":78}},"45":{"start":{"line":61,"column":0},"end":{"line":61,"column":82}},"46":{"start":{"line":62,"column":0},"end":{"line":62,"column":80}},"47":{"start":{"line":63,"column":0},"end":{"line":63,"column":67}},"48":{"start":{"line":64,"column":0},"end":{"line":64,"column":67}},"49":{"start":{"line":66,"column":0},"end":{"line":66,"column":69}},"50":{"start":{"line":67,"column":0},"end":{"line":67,"column":80}},"51":{"start":{"line":68,"column":0},"end":{"line":68,"column":84}},"52":{"start":{"line":69,"column":0},"end":{"line":69,"column":82}},"53":{"start":{"line":70,"column":0},"end":{"line":70,"column":69}},"54":{"start":{"line":71,"column":0},"end":{"line":71,"column":69}},"55":{"start":{"line":76,"column":1},"end":{"line":76,"column":82}},"56":{"start":{"line":77,"column":1},"end":{"line":77,"column":77}},"57":{"start":{"line":78,"column":1},"end":{"line":78,"column":75}},"58":{"start":{"line":81,"column":0},"end":{"line":83,"column":2}},"59":{"start":{"line":82,"column":4},"end":{"line":82,"column":43}},"60":{"start":{"line":85,"column":13},"end":{"line":85,"column":38}},"61":{"start":{"line":87,"column":0},"end":{"line":87,"column":68}},"62":{"start":{"line":87,"column":26},"end":{"line":87,"column":66}},"63":{"start":{"line":90,"column":0},"end":{"line":90,"column":21}},"64":{"start":{"line":91,"column":0},"end":{"line":91,"column":24}}},"fnMap":{"0":{"name":"(anonymous_0)","decl":{"start":{"line":81,"column":13},"end":{"line":81,"column":14}},"loc":{"start":{"line":81,"column":27},"end":{"line":83,"column":1}},"line":81},"1":{"name":"(anonymous_1)","decl":{"start":{"line":87,"column":20},"end":{"line":87,"column":21}},"loc":{"start":{"line":87,"column":26},"end":{"line":87,"column":66}},"line":87}},"branchMap":{"0":{"loc":{"start":{"line":85,"column":13},"end":{"line":85,"column":38}},"type":"binary-expr","locations":[{"start":{"line":85,"column":13},"end":{"line":85,"column":29}},{"start":{"line":85,"column":33},"end":{"line":85,"column":38}}],"line":85}},"s":{"0":1,"1":1,"2":1,"3":1,"4":1,"5":1,"6":1,"7":1,"8":1,"9":1,"10":1,"11":1,"12":1,"13":1,"14":1,"15":1,"16":1,"17":1,"18":1,"19":1,"20":1,"21":1,"22":1,"23":1,"24":1,"25":1,"26":1,"27":1,"28":1,"29":1,"30":1,"31":1,"32":1,"33":1,"34":1,"35":1,"36":1,"37":1,"38":1,"39":1,"40":1,"41":1,"42":1,"43":1,"44":1,"45":1,"46":1,"47":1,"48":1,"49":1,"50":1,"51":1,"52":1,"53":1,"54":1,"55":1,"56":1,"57":1,"58":1,"59":1,"60":1,"61":1,"62":1,"63":1,"64":1},"f":{"0":1,"1":1},"b":{"0":[1,1]},"_coverageSchema":"1a1c01bbd47fc00a2c39e90264f33305004495a9","hash":"93fa3a9f986db4bebcbea4d5373fa5c98f983b54","contentHash":"60abfa39ecadfa58e1c0c0be4fd910d3856c93c18404b0580320cc467a4d72c6"},"C:\\Users\\BIOS Servis\\Desktop\\Projekti\\SI-server-grupa5\\ws\\websocket-service.js":{"path":"C:\\Users\\BIOS Servis\\Desktop\\Projekti\\SI-server-grupa5\\ws\\websocket-service.js","statementMap":{"0":{"start":{"line":1,"column":14},"end":{"line":1,"column":43}},"1":{"start":{"line":2,"column":21},"end":{"line":2,"column":45}},"2":{"start":{"line":3,"column":11},"end":{"line":3,"column":24}},"3":{"start":{"line":7,"column":16},"end":{"line":7,"column":25}},"4":{"start":{"line":8,"column":20},"end":{"line":8,"column":29}},"5":{"start":{"line":9,"column":19},"end":{"line":9,"column":28}},"6":{"start":{"line":10,"column":18},"end":{"line":10,"column":20}},"7":{"start":{"line":11,"column":19},"end":{"line":11,"column":29}},"8":{"start":{"line":18,"column":4},"end":{"line":20,"column":5}},"9":{"start":{"line":19,"column":8},"end":{"line":19,"column":33}},"10":{"start":{"line":21,"column":4},"end":{"line":119,"column":7}},"11":{"start":{"line":22,"column":8},"end":{"line":107,"column":11}},"12":{"start":{"line":23,"column":25},"end":{"line":23,"column":35}},"13":{"start":{"line":24,"column":12},"end":{"line":24,"column":52}},"14":{"start":{"line":25,"column":12},"end":{"line":25,"column":52}},"15":{"start":{"line":26,"column":12},"end":{"line":26,"column":53}},"16":{"start":{"line":27,"column":12},"end":{"line":32,"column":13}},"17":{"start":{"line":28,"column":16},"end":{"line":28,"column":46}},"18":{"start":{"line":30,"column":16},"end":{"line":30,"column":35}},"19":{"start":{"line":31,"column":16},"end":{"line":31,"column":23}},"20":{"start":{"line":33,"column":12},"end":{"line":106,"column":13}},"21":{"start":{"line":34,"column":16},"end":{"line":39,"column":17}},"22":{"start":{"line":35,"column":20},"end":{"line":35,"column":79}},"23":{"start":{"line":36,"column":20},"end":{"line":36,"column":143}},"24":{"start":{"line":37,"column":20},"end":{"line":37,"column":31}},"25":{"start":{"line":38,"column":20},"end":{"line":38,"column":27}},"26":{"start":{"line":40,"column":16},"end":{"line":40,"column":131}},"27":{"start":{"line":41,"column":16},"end":{"line":41,"column":37}},"28":{"start":{"line":42,"column":16},"end":{"line":42,"column":45}},"29":{"start":{"line":43,"column":16},"end":{"line":43,"column":49}},"30":{"start":{"line":44,"column":16},"end":{"line":44,"column":39}},"31":{"start":{"line":45,"column":16},"end":{"line":45,"column":38}},"32":{"start":{"line":46,"column":16},"end":{"line":46,"column":32}},"33":{"start":{"line":47,"column":16},"end":{"line":47,"column":63}},"34":{"start":{"line":48,"column":16},"end":{"line":48,"column":48}},"35":{"start":{"line":49,"column":16},"end":{"line":49,"column":64}},"36":{"start":{"line":50,"column":19},"end":{"line":106,"column":13}},"37":{"start":{"line":51,"column":16},"end":{"line":51,"column":72}},"38":{"start":{"line":52,"column":16},"end":{"line":52,"column":149}},"39":{"start":{"line":53,"column":19},"end":{"line":106,"column":13}},"40":{"start":{"line":54,"column":16},"end":{"line":54,"column":72}},"41":{"start":{"line":55,"column":16},"end":{"line":55,"column":86}},"42":{"start":{"line":57,"column":19},"end":{"line":106,"column":13}},"43":{"start":{"line":59,"column":27},"end":{"line":59,"column":69}},"44":{"start":{"line":60,"column":27},"end":{"line":60,"column":36}},"45":{"start":{"line":61,"column":26},"end":{"line":61,"column":49}},"46":{"start":{"line":62,"column":16},"end":{"line":64,"column":17}},"47":{"start":{"line":63,"column":20},"end":{"line":63,"column":38}},"48":{"start":{"line":65,"column":16},"end":{"line":68,"column":17}},"49":{"start":{"line":66,"column":20},"end":{"line":66,"column":42}},"50":{"start":{"line":67,"column":20},"end":{"line":67,"column":63}},"51":{"start":{"line":67,"column":45},"end":{"line":67,"column":63}},"52":{"start":{"line":69,"column":16},"end":{"line":75,"column":19}},"53":{"start":{"line":70,"column":20},"end":{"line":74,"column":21}},"54":{"start":{"line":71,"column":24},"end":{"line":71,"column":114}},"55":{"start":{"line":73,"column":24},"end":{"line":73,"column":121}},"56":{"start":{"line":76,"column":19},"end":{"line":106,"column":13}},"57":{"start":{"line":77,"column":31},"end":{"line":80,"column":17}},"58":{"start":{"line":81,"column":16},"end":{"line":81,"column":65}},"59":{"start":{"line":82,"column":19},"end":{"line":106,"column":13}},"60":{"start":{"line":83,"column":16},"end":{"line":83,"column":109}},"61":{"start":{"line":84,"column":19},"end":{"line":106,"column":13}},"62":{"start":{"line":85,"column":16},"end":{"line":85,"column":138}},"63":{"start":{"line":86,"column":16},"end":{"line":86,"column":38}},"64":{"start":{"line":87,"column":18},"end":{"line":106,"column":13}},"65":{"start":{"line":88,"column":16},"end":{"line":88,"column":72}},"66":{"start":{"line":89,"column":16},"end":{"line":89,"column":86}},"67":{"start":{"line":91,"column":19},"end":{"line":106,"column":13}},"68":{"start":{"line":92,"column":16},"end":{"line":92,"column":58}},"69":{"start":{"line":93,"column":19},"end":{"line":106,"column":13}},"70":{"start":{"line":94,"column":16},"end":{"line":98,"column":17}},"71":{"start":{"line":95,"column":20},"end":{"line":95,"column":64}},"72":{"start":{"line":96,"column":20},"end":{"line":96,"column":102}},"73":{"start":{"line":100,"column":17},"end":{"line":106,"column":13}},"74":{"start":{"line":101,"column":16},"end":{"line":105,"column":17}},"75":{"start":{"line":102,"column":20},"end":{"line":102,"column":64}},"76":{"start":{"line":103,"column":20},"end":{"line":103,"column":128}},"77":{"start":{"line":109,"column":8},"end":{"line":118,"column":11}},"78":{"start":{"line":110,"column":23},"end":{"line":110,"column":35}},"79":{"start":{"line":111,"column":25},"end":{"line":111,"column":36}},"80":{"start":{"line":112,"column":12},"end":{"line":112,"column":44}},"81":{"start":{"line":112,"column":37},"end":{"line":112,"column":44}},"82":{"start":{"line":113,"column":26},"end":{"line":113,"column":79}},"83":{"start":{"line":114,"column":12},"end":{"line":114,"column":41}},"84":{"start":{"line":115,"column":12},"end":{"line":115,"column":43}},"85":{"start":{"line":116,"column":12},"end":{"line":116,"column":36}},"86":{"start":{"line":117,"column":12},"end":{"line":117,"column":65}},"87":{"start":{"line":121,"column":4},"end":{"line":131,"column":7}},"88":{"start":{"line":122,"column":8},"end":{"line":122,"column":56}},"89":{"start":{"line":122,"column":49},"end":{"line":122,"column":56}},"90":{"start":{"line":123,"column":8},"end":{"line":127,"column":9}},"91":{"start":{"line":124,"column":12},"end":{"line":124,"column":62}},"92":{"start":{"line":125,"column":12},"end":{"line":125,"column":29}},"93":{"start":{"line":126,"column":12},"end":{"line":126,"column":19}},"94":{"start":{"line":128,"column":8},"end":{"line":130,"column":11}},"95":{"start":{"line":129,"column":12},"end":{"line":129,"column":48}},"96":{"start":{"line":138,"column":4},"end":{"line":138,"column":23}},"97":{"start":{"line":142,"column":4},"end":{"line":142,"column":37}},"98":{"start":{"line":146,"column":4},"end":{"line":146,"column":23}},"99":{"start":{"line":150,"column":4},"end":{"line":150,"column":34}},"100":{"start":{"line":154,"column":4},"end":{"line":154,"column":27}},"101":{"start":{"line":158,"column":4},"end":{"line":158,"column":36}},"102":{"start":{"line":159,"column":4},"end":{"line":159,"column":29}},"103":{"start":{"line":163,"column":4},"end":{"line":163,"column":19}},"104":{"start":{"line":166,"column":0},"end":{"line":175,"column":1}}},"fnMap":{"0":{"name":"configure","decl":{"start":{"line":17,"column":9},"end":{"line":17,"column":18}},"loc":{"start":{"line":17,"column":32},"end":{"line":132,"column":1}},"line":17},"1":{"name":"connection","decl":{"start":{"line":21,"column":34},"end":{"line":21,"column":44}},"loc":{"start":{"line":21,"column":58},"end":{"line":119,"column":5}},"line":21},"2":{"name":"(anonymous_2)","decl":{"start":{"line":22,"column":25},"end":{"line":22,"column":26}},"loc":{"start":{"line":22,"column":38},"end":{"line":107,"column":9}},"line":22},"3":{"name":"(anonymous_3)","decl":{"start":{"line":69,"column":65},"end":{"line":69,"column":66}},"loc":{"start":{"line":69,"column":80},"end":{"line":75,"column":17}},"line":69},"4":{"name":"(anonymous_4)","decl":{"start":{"line":109,"column":23},"end":{"line":109,"column":24}},"loc":{"start":{"line":109,"column":29},"end":{"line":118,"column":9}},"line":109},"5":{"name":"(anonymous_5)","decl":{"start":{"line":121,"column":25},"end":{"line":121,"column":26}},"loc":{"start":{"line":121,"column":57},"end":{"line":131,"column":5}},"line":121},"6":{"name":"(anonymous_6)","decl":{"start":{"line":128,"column":49},"end":{"line":128,"column":50}},"loc":{"start":{"line":128,"column":62},"end":{"line":130,"column":9}},"line":128},"7":{"name":"addSession","decl":{"start":{"line":137,"column":9},"end":{"line":137,"column":19}},"loc":{"start":{"line":137,"column":24},"end":{"line":139,"column":1}},"line":137},"8":{"name":"setMessageResponseForDevice","decl":{"start":{"line":141,"column":9},"end":{"line":141,"column":36}},"loc":{"start":{"line":141,"column":58},"end":{"line":143,"column":1}},"line":141},"9":{"name":"getClient","decl":{"start":{"line":145,"column":9},"end":{"line":145,"column":18}},"loc":{"start":{"line":145,"column":23},"end":{"line":147,"column":1}},"line":145},"10":{"name":"setErrorOnResposneForDevice","decl":{"start":{"line":149,"column":9},"end":{"line":149,"column":36}},"loc":{"start":{"line":149,"column":48},"end":{"line":151,"column":1}},"line":149},"11":{"name":"getResponsePromiseForDevice","decl":{"start":{"line":153,"column":9},"end":{"line":153,"column":36}},"loc":{"start":{"line":153,"column":41},"end":{"line":155,"column":1}},"line":153},"12":{"name":"clearResponsePromiseForDevice","decl":{"start":{"line":157,"column":9},"end":{"line":157,"column":38}},"loc":{"start":{"line":157,"column":43},"end":{"line":160,"column":1}},"line":157},"13":{"name":"getClients","decl":{"start":{"line":162,"column":9},"end":{"line":162,"column":19}},"loc":{"start":{"line":162,"column":22},"end":{"line":164,"column":1}},"line":162}},"branchMap":{"0":{"loc":{"start":{"line":18,"column":4},"end":{"line":20,"column":5}},"type":"if","locations":[{"start":{"line":18,"column":4},"end":{"line":20,"column":5}},{"start":{"line":18,"column":4},"end":{"line":20,"column":5}}],"line":18},"1":{"loc":{"start":{"line":33,"column":12},"end":{"line":106,"column":13}},"type":"if","locations":[{"start":{"line":33,"column":12},"end":{"line":106,"column":13}},{"start":{"line":33,"column":12},"end":{"line":106,"column":13}}],"line":33},"2":{"loc":{"start":{"line":34,"column":16},"end":{"line":39,"column":17}},"type":"if","locations":[{"start":{"line":34,"column":16},"end":{"line":39,"column":17}},{"start":{"line":34,"column":16},"end":{"line":39,"column":17}}],"line":34},"3":{"loc":{"start":{"line":50,"column":19},"end":{"line":106,"column":13}},"type":"if","locations":[{"start":{"line":50,"column":19},"end":{"line":106,"column":13}},{"start":{"line":50,"column":19},"end":{"line":106,"column":13}}],"line":50},"4":{"loc":{"start":{"line":53,"column":19},"end":{"line":106,"column":13}},"type":"if","locations":[{"start":{"line":53,"column":19},"end":{"line":106,"column":13}},{"start":{"line":53,"column":19},"end":{"line":106,"column":13}}],"line":53},"5":{"loc":{"start":{"line":57,"column":19},"end":{"line":106,"column":13}},"type":"if","locations":[{"start":{"line":57,"column":19},"end":{"line":106,"column":13}},{"start":{"line":57,"column":19},"end":{"line":106,"column":13}}],"line":57},"6":{"loc":{"start":{"line":62,"column":16},"end":{"line":64,"column":17}},"type":"if","locations":[{"start":{"line":62,"column":16},"end":{"line":64,"column":17}},{"start":{"line":62,"column":16},"end":{"line":64,"column":17}}],"line":62},"7":{"loc":{"start":{"line":65,"column":16},"end":{"line":68,"column":17}},"type":"if","locations":[{"start":{"line":65,"column":16},"end":{"line":68,"column":17}},{"start":{"line":65,"column":16},"end":{"line":68,"column":17}}],"line":65},"8":{"loc":{"start":{"line":67,"column":20},"end":{"line":67,"column":63}},"type":"if","locations":[{"start":{"line":67,"column":20},"end":{"line":67,"column":63}},{"start":{"line":67,"column":20},"end":{"line":67,"column":63}}],"line":67},"9":{"loc":{"start":{"line":70,"column":20},"end":{"line":74,"column":21}},"type":"if","locations":[{"start":{"line":70,"column":20},"end":{"line":74,"column":21}},{"start":{"line":70,"column":20},"end":{"line":74,"column":21}}],"line":70},"10":{"loc":{"start":{"line":76,"column":19},"end":{"line":106,"column":13}},"type":"if","locations":[{"start":{"line":76,"column":19},"end":{"line":106,"column":13}},{"start":{"line":76,"column":19},"end":{"line":106,"column":13}}],"line":76},"11":{"loc":{"start":{"line":82,"column":19},"end":{"line":106,"column":13}},"type":"if","locations":[{"start":{"line":82,"column":19},"end":{"line":106,"column":13}},{"start":{"line":82,"column":19},"end":{"line":106,"column":13}}],"line":82},"12":{"loc":{"start":{"line":84,"column":19},"end":{"line":106,"column":13}},"type":"if","locations":[{"start":{"line":84,"column":19},"end":{"line":106,"column":13}},{"start":{"line":84,"column":19},"end":{"line":106,"column":13}}],"line":84},"13":{"loc":{"start":{"line":87,"column":18},"end":{"line":106,"column":13}},"type":"if","locations":[{"start":{"line":87,"column":18},"end":{"line":106,"column":13}},{"start":{"line":87,"column":18},"end":{"line":106,"column":13}}],"line":87},"14":{"loc":{"start":{"line":91,"column":19},"end":{"line":106,"column":13}},"type":"if","locations":[{"start":{"line":91,"column":19},"end":{"line":106,"column":13}},{"start":{"line":91,"column":19},"end":{"line":106,"column":13}}],"line":91},"15":{"loc":{"start":{"line":93,"column":19},"end":{"line":106,"column":13}},"type":"if","locations":[{"start":{"line":93,"column":19},"end":{"line":106,"column":13}},{"start":{"line":93,"column":19},"end":{"line":106,"column":13}}],"line":93},"16":{"loc":{"start":{"line":94,"column":16},"end":{"line":98,"column":17}},"type":"if","locations":[{"start":{"line":94,"column":16},"end":{"line":98,"column":17}},{"start":{"line":94,"column":16},"end":{"line":98,"column":17}}],"line":94},"17":{"loc":{"start":{"line":100,"column":17},"end":{"line":106,"column":13}},"type":"if","locations":[{"start":{"line":100,"column":17},"end":{"line":106,"column":13}},{"start":{"line":100,"column":17},"end":{"line":106,"column":13}}],"line":100},"18":{"loc":{"start":{"line":101,"column":16},"end":{"line":105,"column":17}},"type":"if","locations":[{"start":{"line":101,"column":16},"end":{"line":105,"column":17}},{"start":{"line":101,"column":16},"end":{"line":105,"column":17}}],"line":101},"19":{"loc":{"start":{"line":112,"column":12},"end":{"line":112,"column":44}},"type":"if","locations":[{"start":{"line":112,"column":12},"end":{"line":112,"column":44}},{"start":{"line":112,"column":12},"end":{"line":112,"column":44}}],"line":112},"20":{"loc":{"start":{"line":122,"column":8},"end":{"line":122,"column":56}},"type":"if","locations":[{"start":{"line":122,"column":8},"end":{"line":122,"column":56}},{"start":{"line":122,"column":8},"end":{"line":122,"column":56}}],"line":122},"21":{"loc":{"start":{"line":123,"column":8},"end":{"line":127,"column":9}},"type":"if","locations":[{"start":{"line":123,"column":8},"end":{"line":127,"column":9}},{"start":{"line":123,"column":8},"end":{"line":127,"column":9}}],"line":123}},"s":{"0":1,"1":1,"2":1,"3":1,"4":1,"5":1,"6":1,"7":1,"8":1,"9":0,"10":1,"11":1,"12":5,"13":5,"14":5,"15":5,"16":5,"17":5,"18":0,"19":0,"20":5,"21":1,"22":0,"23":0,"24":0,"25":0,"26":1,"27":1,"28":1,"29":1,"30":1,"31":1,"32":1,"33":1,"34":1,"35":1,"36":4,"37":0,"38":0,"39":4,"40":1,"41":1,"42":3,"43":0,"44":0,"45":0,"46":0,"47":0,"48":0,"49":0,"50":0,"51":0,"52":0,"53":0,"54":0,"55":0,"56":3,"57":1,"58":1,"59":2,"60":1,"61":1,"62":0,"63":0,"64":1,"65":1,"66":1,"67":0,"68":0,"69":0,"70":0,"71":0,"72":0,"73":0,"74":0,"75":0,"76":0,"77":1,"78":1,"79":1,"80":1,"81":0,"82":1,"83":1,"84":1,"85":1,"86":1,"87":1,"88":1,"89":0,"90":1,"91":0,"92":0,"93":0,"94":1,"95":1,"96":3,"97":28,"98":7,"99":0,"100":4,"101":4,"102":4,"103":3,"104":1},"f":{"0":1,"1":1,"2":5,"3":0,"4":1,"5":1,"6":1,"7":3,"8":28,"9":7,"10":0,"11":4,"12":4,"13":3},"b":{"0":[0,1],"1":[1,4],"2":[0,1],"3":[0,4],"4":[1,3],"5":[0,3],"6":[0,0],"7":[0,0],"8":[0,0],"9":[0,0],"10":[1,2],"11":[1,1],"12":[0,1],"13":[1,0],"14":[0,0],"15":[0,0],"16":[0,0],"17":[0,0],"18":[0,0],"19":[0,1],"20":[0,1],"21":[0,1]},"_coverageSchema":"1a1c01bbd47fc00a2c39e90264f33305004495a9","hash":"3426ca2b5bb8c520f38c3e7c3b193f476a101717","contentHash":"31f3434fc1c95183d5a2f674a4a6e4c26507c6ae5b7cdaedca6b1e045e8926cc"},"C:\\Users\\BIOS Servis\\Desktop\\Projekti\\SI-server-grupa5\\models\\error.js":{"path":"C:\\Users\\BIOS Servis\\Desktop\\Projekti\\SI-server-grupa5\\models\\error.js","statementMap":{"0":{"start":{"line":3,"column":8},"end":{"line":3,"column":29}},"1":{"start":{"line":4,"column":8},"end":{"line":4,"column":33}},"2":{"start":{"line":5,"column":8},"end":{"line":5,"column":31}},"3":{"start":{"line":9,"column":0},"end":{"line":9,"column":29}}},"fnMap":{"0":{"name":"(anonymous_0)","decl":{"start":{"line":2,"column":4},"end":{"line":2,"column":5}},"loc":{"start":{"line":2,"column":35},"end":{"line":6,"column":5}},"line":2}},"branchMap":{},"s":{"0":9,"1":9,"2":9,"3":1},"f":{"0":9},"b":{},"_coverageSchema":"1a1c01bbd47fc00a2c39e90264f33305004495a9","hash":"c35ee6b7568d730021b0bf9a74e8cd7cc2c0e12a","contentHash":"f606d1afecbbb55d0f90176124bffaa585e625a095c3fb20cc2c9ec4f52f2455"},"C:\\Users\\BIOS Servis\\Desktop\\Projekti\\SI-server-grupa5\\controllers\\websocket-login-controller.js":{"path":"C:\\Users\\BIOS Servis\\Desktop\\Projekti\\SI-server-grupa5\\controllers\\websocket-login-controller.js","statementMap":{"0":{"start":{"line":1,"column":19},"end":{"line":1,"column":49}},"1":{"start":{"line":2,"column":25},"end":{"line":2,"column":62}},"2":{"start":{"line":5,"column":21},"end":{"line":5,"column":32}},"3":{"start":{"line":6,"column":23},"end":{"line":6,"column":68}},"4":{"start":{"line":8,"column":4},"end":{"line":8,"column":42}},"5":{"start":{"line":9,"column":4},"end":{"line":9,"column":34}},"6":{"start":{"line":10,"column":4},"end":{"line":10,"column":45}},"7":{"start":{"line":11,"column":4},"end":{"line":11,"column":36}},"8":{"start":{"line":25,"column":4},"end":{"line":25,"column":11}},"9":{"start":{"line":28,"column":0},"end":{"line":28,"column":47}}},"fnMap":{"0":{"name":"websocketLogin","decl":{"start":{"line":4,"column":15},"end":{"line":4,"column":29}},"loc":{"start":{"line":4,"column":46},"end":{"line":26,"column":1}},"line":4}},"branchMap":{},"s":{"0":1,"1":1,"2":2,"3":2,"4":2,"5":2,"6":2,"7":2,"8":2,"9":1},"f":{"0":2},"b":{},"_coverageSchema":"1a1c01bbd47fc00a2c39e90264f33305004495a9","hash":"a791dcff7ec58cbee2af7ab1b333904145bacb9e","contentHash":"73f5b78030b60b1a53906402211395cb68b88eac87483bd44fc8fcf73a80df25"},"C:\\Users\\BIOS Servis\\Desktop\\Projekti\\SI-server-grupa5\\unique\\unique.js":{"path":"C:\\Users\\BIOS Servis\\Desktop\\Projekti\\SI-server-grupa5\\unique\\unique.js","statementMap":{"0":{"start":{"line":1,"column":14},"end":{"line":1,"column":35}},"1":{"start":{"line":6,"column":27},"end":{"line":13,"column":6}},"2":{"start":{"line":12,"column":8},"end":{"line":12,"column":19}},"3":{"start":{"line":16,"column":4},"end":{"line":16,"column":26}},"4":{"start":{"line":20,"column":0},"end":{"line":20,"column":55}}},"fnMap":{"0":{"name":"validateUniqueCode","decl":{"start":{"line":5,"column":15},"end":{"line":5,"column":33}},"loc":{"start":{"line":5,"column":38},"end":{"line":17,"column":1}},"line":5},"1":{"name":"(anonymous_1)","decl":{"start":{"line":10,"column":12},"end":{"line":10,"column":13}},"loc":{"start":{"line":10,"column":19},"end":{"line":13,"column":5}},"line":10}},"branchMap":{},"s":{"0":1,"1":2,"2":2,"3":2,"4":1},"f":{"0":2,"1":2},"b":{},"_coverageSchema":"1a1c01bbd47fc00a2c39e90264f33305004495a9","hash":"16f3592066db145a033b15158b24d57628229d12","contentHash":"7e904f56bcbcc557c686c10655777d07099f4af10505c941ee2f4ee091821e08"},"C:\\Users\\BIOS Servis\\Desktop\\Projekti\\SI-server-grupa5\\auth\\api-validator.js":{"path":"C:\\Users\\BIOS Servis\\Desktop\\Projekti\\SI-server-grupa5\\auth\\api-validator.js","statementMap":{"0":{"start":{"line":1,"column":13},"end":{"line":1,"column":33}},"1":{"start":{"line":2,"column":14},"end":{"line":2,"column":43}},"2":{"start":{"line":3,"column":13},"end":{"line":3,"column":41}},"3":{"start":{"line":4,"column":25},"end":{"line":4,"column":62}},"4":{"start":{"line":5,"column":17},"end":{"line":5,"column":35}},"5":{"start":{"line":8,"column":35},"end":{"line":8,"column":43}},"6":{"start":{"line":9,"column":23},"end":{"line":9,"column":48}},"7":{"start":{"line":10,"column":23},"end":{"line":10,"column":57}},"8":{"start":{"line":11,"column":4},"end":{"line":25,"column":5}},"9":{"start":{"line":12,"column":8},"end":{"line":12,"column":38}},"10":{"start":{"line":13,"column":22},"end":{"line":13,"column":58}},"11":{"start":{"line":14,"column":8},"end":{"line":14,"column":24}},"12":{"start":{"line":15,"column":8},"end":{"line":15,"column":15}},"13":{"start":{"line":17,"column":23},"end":{"line":17,"column":46}},"14":{"start":{"line":19,"column":8},"end":{"line":22,"column":9}},"15":{"start":{"line":23,"column":8},"end":{"line":23,"column":81}},"16":{"start":{"line":24,"column":8},"end":{"line":24,"column":56}},"17":{"start":{"line":27,"column":4},"end":{"line":27,"column":11}},"18":{"start":{"line":30,"column":0},"end":{"line":30,"column":43}}},"fnMap":{"0":{"name":"apiValidator","decl":{"start":{"line":7,"column":15},"end":{"line":7,"column":27}},"loc":{"start":{"line":7,"column":44},"end":{"line":28,"column":1}},"line":7}},"branchMap":{"0":{"loc":{"start":{"line":11,"column":4},"end":{"line":25,"column":5}},"type":"if","locations":[{"start":{"line":11,"column":4},"end":{"line":25,"column":5}},{"start":{"line":11,"column":4},"end":{"line":25,"column":5}}],"line":11}},"s":{"0":1,"1":1,"2":1,"3":1,"4":1,"5":29,"6":29,"7":29,"8":29,"9":1,"10":1,"11":1,"12":1,"13":28,"14":28,"15":28,"16":28,"17":28,"18":1},"f":{"0":29},"b":{"0":[1,28]},"_coverageSchema":"1a1c01bbd47fc00a2c39e90264f33305004495a9","hash":"9a7e8188cca25754cc8209f167793adeac361d3c","contentHash":"a793dfe56a989fb91c7a6f815e1f6f6be42ee8696d1b607319d22ae50c11e62b"},"C:\\Users\\BIOS Servis\\Desktop\\Projekti\\SI-server-grupa5\\auth\\auth.js":{"path":"C:\\Users\\BIOS Servis\\Desktop\\Projekti\\SI-server-grupa5\\auth\\auth.js","statementMap":{"0":{"start":{"line":2,"column":14},"end":{"line":2,"column":35}},"1":{"start":{"line":7,"column":26},"end":{"line":11,"column":6}},"2":{"start":{"line":10,"column":8},"end":{"line":10,"column":19}},"3":{"start":{"line":12,"column":4},"end":{"line":12,"column":25}},"4":{"start":{"line":16,"column":0},"end":{"line":16,"column":41}}},"fnMap":{"0":{"name":"validateJWT","decl":{"start":{"line":6,"column":15},"end":{"line":6,"column":26}},"loc":{"start":{"line":6,"column":34},"end":{"line":13,"column":1}},"line":6},"1":{"name":"(anonymous_1)","decl":{"start":{"line":9,"column":12},"end":{"line":9,"column":13}},"loc":{"start":{"line":9,"column":19},"end":{"line":11,"column":5}},"line":9}},"branchMap":{},"s":{"0":1,"1":29,"2":29,"3":29,"4":1},"f":{"0":29,"1":29},"b":{},"_coverageSchema":"1a1c01bbd47fc00a2c39e90264f33305004495a9","hash":"2feda3834e0f4661dc4c822edeccf82e5aaea7c1","contentHash":"ece948b0c987da8cd789edc2fe1f0831db01e420fea3e7a34d2ad345c119ee99"},"C:\\Users\\BIOS Servis\\Desktop\\Projekti\\SI-server-grupa5\\models\\user.js":{"path":"C:\\Users\\BIOS Servis\\Desktop\\Projekti\\SI-server-grupa5\\models\\user.js","statementMap":{"0":{"start":{"line":3,"column":8},"end":{"line":3,"column":21}},"1":{"start":{"line":4,"column":8},"end":{"line":4,"column":25}},"2":{"start":{"line":8,"column":0},"end":{"line":8,"column":27}}},"fnMap":{"0":{"name":"(anonymous_0)","decl":{"start":{"line":2,"column":4},"end":{"line":2,"column":5}},"loc":{"start":{"line":2,"column":26},"end":{"line":5,"column":5}},"line":2}},"branchMap":{},"s":{"0":28,"1":28,"2":1},"f":{"0":28},"b":{},"_coverageSchema":"1a1c01bbd47fc00a2c39e90264f33305004495a9","hash":"be7ac2b097b43b81003fcdb55ddfca3c84558a25","contentHash":"a35bead5231bd7b8ccdbd70bb34f6f4f4839b5d3b0e7f07e99c562b9f28bd3c8"},"C:\\Users\\BIOS Servis\\Desktop\\Projekti\\SI-server-grupa5\\auth\\agent-validator.js":{"path":"C:\\Users\\BIOS Servis\\Desktop\\Projekti\\SI-server-grupa5\\auth\\agent-validator.js","statementMap":{"0":{"start":{"line":1,"column":19},"end":{"line":1,"column":46}},"1":{"start":{"line":2,"column":14},"end":{"line":2,"column":43}},"2":{"start":{"line":3,"column":25},"end":{"line":3,"column":62}},"3":{"start":{"line":4,"column":24},"end":{"line":4,"column":55}},"4":{"start":{"line":8,"column":4},"end":{"line":11,"column":5}},"5":{"start":{"line":9,"column":8},"end":{"line":9,"column":15}},"6":{"start":{"line":10,"column":8},"end":{"line":10,"column":15}},"7":{"start":{"line":13,"column":25},"end":{"line":13,"column":33}},"8":{"start":{"line":15,"column":23},"end":{"line":15,"column":48}},"9":{"start":{"line":16,"column":23},"end":{"line":16,"column":81}},"10":{"start":{"line":17,"column":4},"end":{"line":22,"column":5}},"11":{"start":{"line":18,"column":8},"end":{"line":18,"column":38}},"12":{"start":{"line":19,"column":22},"end":{"line":19,"column":58}},"13":{"start":{"line":20,"column":8},"end":{"line":20,"column":24}},"14":{"start":{"line":21,"column":8},"end":{"line":21,"column":15}},"15":{"start":{"line":24,"column":4},"end":{"line":24,"column":11}},"16":{"start":{"line":27,"column":0},"end":{"line":27,"column":47}}},"fnMap":{"0":{"name":"agentValidator","decl":{"start":{"line":6,"column":15},"end":{"line":6,"column":29}},"loc":{"start":{"line":6,"column":46},"end":{"line":25,"column":1}},"line":6}},"branchMap":{"0":{"loc":{"start":{"line":8,"column":4},"end":{"line":11,"column":5}},"type":"if","locations":[{"start":{"line":8,"column":4},"end":{"line":11,"column":5}},{"start":{"line":8,"column":4},"end":{"line":11,"column":5}}],"line":8},"1":{"loc":{"start":{"line":17,"column":4},"end":{"line":22,"column":5}},"type":"if","locations":[{"start":{"line":17,"column":4},"end":{"line":22,"column":5}},{"start":{"line":17,"column":4},"end":{"line":22,"column":5}}],"line":17}},"s":{"0":1,"1":1,"2":1,"3":1,"4":15,"5":15,"6":15,"7":0,"8":0,"9":0,"10":0,"11":0,"12":0,"13":0,"14":0,"15":0,"16":1},"f":{"0":15},"b":{"0":[15,0],"1":[0,0]},"_coverageSchema":"1a1c01bbd47fc00a2c39e90264f33305004495a9","hash":"e1482b8ec05e630632ed74b804ac4d424e457ea0","contentHash":"0a3bb95ae463d3428313f04fff61afbdf01d62db5bc4497b003bb9e72f469bc2"},"C:\\Users\\BIOS Servis\\Desktop\\Projekti\\SI-server-grupa5\\auth\\access_auth.js":{"path":"C:\\Users\\BIOS Servis\\Desktop\\Projekti\\SI-server-grupa5\\auth\\access_auth.js","statementMap":{"0":{"start":{"line":2,"column":14},"end":{"line":2,"column":35}},"1":{"start":{"line":3,"column":14},"end":{"line":3,"column":43}},"2":{"start":{"line":8,"column":16},"end":{"line":8,"column":48}},"3":{"start":{"line":9,"column":26},"end":{"line":13,"column":6}},"4":{"start":{"line":12,"column":8},"end":{"line":12,"column":19}},"5":{"start":{"line":14,"column":4},"end":{"line":14,"column":25}},"6":{"start":{"line":18,"column":0},"end":{"line":18,"column":55}}},"fnMap":{"0":{"name":"validateUserAccess","decl":{"start":{"line":7,"column":15},"end":{"line":7,"column":33}},"loc":{"start":{"line":7,"column":51},"end":{"line":15,"column":1}},"line":7},"1":{"name":"(anonymous_1)","decl":{"start":{"line":11,"column":12},"end":{"line":11,"column":13}},"loc":{"start":{"line":11,"column":19},"end":{"line":13,"column":5}},"line":11}},"branchMap":{},"s":{"0":1,"1":1,"2":0,"3":0,"4":0,"5":0,"6":1},"f":{"0":0,"1":0},"b":{},"_coverageSchema":"1a1c01bbd47fc00a2c39e90264f33305004495a9","hash":"a3a0222e2d2d223686a1886f6aa91ebfbdfb91d2","contentHash":"0345bb380fb0e408526f8d7c18bd614cccd6490465a689ae3d27873b2369a416"},"C:\\Users\\BIOS Servis\\Desktop\\Projekti\\SI-server-grupa5\\controllers\\agent-controller.js":{"path":"C:\\Users\\BIOS Servis\\Desktop\\Projekti\\SI-server-grupa5\\controllers\\agent-controller.js","statementMap":{"0":{"start":{"line":1,"column":25},"end":{"line":1,"column":62}},"1":{"start":{"line":2,"column":21},"end":{"line":2,"column":58}},"2":{"start":{"line":3,"column":14},"end":{"line":3,"column":43}},"3":{"start":{"line":4,"column":11},"end":{"line":4,"column":24}},"4":{"start":{"line":5,"column":18},"end":{"line":5,"column":38}},"5":{"start":{"line":8,"column":41},"end":{"line":8,"column":49}},"6":{"start":{"line":9,"column":4},"end":{"line":14,"column":5}},"7":{"start":{"line":10,"column":8},"end":{"line":10,"column":24}},"8":{"start":{"line":11,"column":22},"end":{"line":11,"column":59}},"9":{"start":{"line":12,"column":8},"end":{"line":12,"column":24}},"10":{"start":{"line":13,"column":8},"end":{"line":13,"column":15}},"11":{"start":{"line":15,"column":13},"end":{"line":15,"column":50}},"12":{"start":{"line":16,"column":20},"end":{"line":16,"column":49}},"13":{"start":{"line":17,"column":4},"end":{"line":20,"column":5}},"14":{"start":{"line":18,"column":8},"end":{"line":18,"column":36}},"15":{"start":{"line":19,"column":8},"end":{"line":19,"column":15}},"16":{"start":{"line":21,"column":27},"end":{"line":26,"column":5}},"17":{"start":{"line":27,"column":4},"end":{"line":27,"column":44}},"18":{"start":{"line":28,"column":4},"end":{"line":28,"column":17}},"19":{"start":{"line":29,"column":4},"end":{"line":29,"column":62}},"20":{"start":{"line":31,"column":25},"end":{"line":31,"column":80}},"21":{"start":{"line":32,"column":4},"end":{"line":40,"column":7}},"22":{"start":{"line":33,"column":8},"end":{"line":33,"column":35}},"23":{"start":{"line":34,"column":8},"end":{"line":34,"column":66}},"24":{"start":{"line":35,"column":8},"end":{"line":35,"column":22}},"25":{"start":{"line":37,"column":8},"end":{"line":37,"column":22}},"26":{"start":{"line":38,"column":8},"end":{"line":38,"column":29}},"27":{"start":{"line":39,"column":8},"end":{"line":39,"column":22}},"28":{"start":{"line":44,"column":22},"end":{"line":44,"column":24}},"29":{"start":{"line":46,"column":23},"end":{"line":46,"column":48}},"30":{"start":{"line":47,"column":18},"end":{"line":47,"column":47}},"31":{"start":{"line":48,"column":4},"end":{"line":52,"column":5}},"32":{"start":{"line":49,"column":21},"end":{"line":49,"column":31}},"33":{"start":{"line":50,"column":8},"end":{"line":50,"column":42}},"34":{"start":{"line":50,"column":33},"end":{"line":50,"column":42}},"35":{"start":{"line":51,"column":8},"end":{"line":51,"column":164}},"36":{"start":{"line":53,"column":4},"end":{"line":53,"column":25}},"37":{"start":{"line":57,"column":26},"end":{"line":57,"column":34}},"38":{"start":{"line":58,"column":4},"end":{"line":63,"column":5}},"39":{"start":{"line":59,"column":8},"end":{"line":59,"column":24}},"40":{"start":{"line":60,"column":22},"end":{"line":60,"column":60}},"41":{"start":{"line":61,"column":8},"end":{"line":61,"column":24}},"42":{"start":{"line":62,"column":8},"end":{"line":62,"column":15}},"43":{"start":{"line":64,"column":13},"end":{"line":64,"column":50}},"44":{"start":{"line":65,"column":20},"end":{"line":65,"column":56}},"45":{"start":{"line":66,"column":4},"end":{"line":69,"column":5}},"46":{"start":{"line":67,"column":8},"end":{"line":67,"column":36}},"47":{"start":{"line":68,"column":8},"end":{"line":68,"column":15}},"48":{"start":{"line":70,"column":21},"end":{"line":74,"column":5}},"49":{"start":{"line":75,"column":4},"end":{"line":75,"column":38}},"50":{"start":{"line":76,"column":4},"end":{"line":76,"column":26}},"51":{"start":{"line":77,"column":4},"end":{"line":77,"column":17}},"52":{"start":{"line":78,"column":4},"end":{"line":78,"column":25}},"53":{"start":{"line":79,"column":4},"end":{"line":79,"column":23}},"54":{"start":{"line":83,"column":26},"end":{"line":83,"column":34}},"55":{"start":{"line":84,"column":4},"end":{"line":89,"column":5}},"56":{"start":{"line":85,"column":8},"end":{"line":85,"column":24}},"57":{"start":{"line":86,"column":22},"end":{"line":86,"column":54}},"58":{"start":{"line":87,"column":8},"end":{"line":87,"column":24}},"59":{"start":{"line":88,"column":8},"end":{"line":88,"column":15}},"60":{"start":{"line":90,"column":13},"end":{"line":90,"column":50}},"61":{"start":{"line":91,"column":20},"end":{"line":91,"column":56}},"62":{"start":{"line":92,"column":4},"end":{"line":95,"column":5}},"63":{"start":{"line":93,"column":8},"end":{"line":93,"column":36}},"64":{"start":{"line":94,"column":8},"end":{"line":94,"column":15}},"65":{"start":{"line":97,"column":19},"end":{"line":102,"column":5}},"66":{"start":{"line":103,"column":4},"end":{"line":103,"column":25}},"67":{"start":{"line":104,"column":4},"end":{"line":104,"column":28}},"68":{"start":{"line":105,"column":4},"end":{"line":105,"column":25}},"69":{"start":{"line":106,"column":4},"end":{"line":106,"column":23}},"70":{"start":{"line":111,"column":25},"end":{"line":111,"column":33}},"71":{"start":{"line":113,"column":4},"end":{"line":118,"column":5}},"72":{"start":{"line":114,"column":8},"end":{"line":114,"column":24}},"73":{"start":{"line":115,"column":22},"end":{"line":115,"column":54}},"74":{"start":{"line":116,"column":8},"end":{"line":116,"column":24}},"75":{"start":{"line":117,"column":8},"end":{"line":117,"column":15}},"76":{"start":{"line":119,"column":13},"end":{"line":119,"column":50}},"77":{"start":{"line":120,"column":20},"end":{"line":120,"column":49}},"78":{"start":{"line":121,"column":4},"end":{"line":124,"column":5}},"79":{"start":{"line":122,"column":8},"end":{"line":122,"column":36}},"80":{"start":{"line":123,"column":8},"end":{"line":123,"column":15}},"81":{"start":{"line":125,"column":21},"end":{"line":128,"column":5}},"82":{"start":{"line":129,"column":4},"end":{"line":129,"column":38}},"83":{"start":{"line":130,"column":4},"end":{"line":130,"column":17}},"84":{"start":{"line":131,"column":25},"end":{"line":131,"column":80}},"85":{"start":{"line":132,"column":4},"end":{"line":140,"column":7}},"86":{"start":{"line":133,"column":8},"end":{"line":133,"column":35}},"87":{"start":{"line":134,"column":8},"end":{"line":134,"column":66}},"88":{"start":{"line":135,"column":8},"end":{"line":135,"column":22}},"89":{"start":{"line":137,"column":8},"end":{"line":137,"column":22}},"90":{"start":{"line":138,"column":8},"end":{"line":138,"column":29}},"91":{"start":{"line":139,"column":8},"end":{"line":139,"column":22}},"92":{"start":{"line":144,"column":19},"end":{"line":144,"column":36}},"93":{"start":{"line":145,"column":42},"end":{"line":145,"column":50}},"94":{"start":{"line":146,"column":4},"end":{"line":151,"column":5}},"95":{"start":{"line":147,"column":8},"end":{"line":147,"column":24}},"96":{"start":{"line":148,"column":22},"end":{"line":148,"column":57}},"97":{"start":{"line":149,"column":8},"end":{"line":149,"column":24}},"98":{"start":{"line":150,"column":8},"end":{"line":150,"column":15}},"99":{"start":{"line":153,"column":4},"end":{"line":160,"column":5}},"100":{"start":{"line":155,"column":8},"end":{"line":155,"column":24}},"101":{"start":{"line":156,"column":22},"end":{"line":156,"column":59}},"102":{"start":{"line":157,"column":8},"end":{"line":157,"column":24}},"103":{"start":{"line":158,"column":8},"end":{"line":158,"column":15}},"104":{"start":{"line":162,"column":13},"end":{"line":162,"column":50}},"105":{"start":{"line":163,"column":20},"end":{"line":163,"column":49}},"106":{"start":{"line":164,"column":4},"end":{"line":167,"column":5}},"107":{"start":{"line":165,"column":8},"end":{"line":165,"column":36}},"108":{"start":{"line":166,"column":8},"end":{"line":166,"column":15}},"109":{"start":{"line":169,"column":19},"end":{"line":174,"column":5}},"110":{"start":{"line":175,"column":4},"end":{"line":175,"column":23}},"111":{"start":{"line":176,"column":4},"end":{"line":176,"column":38}},"112":{"start":{"line":177,"column":4},"end":{"line":177,"column":17}},"113":{"start":{"line":178,"column":25},"end":{"line":178,"column":80}},"114":{"start":{"line":179,"column":4},"end":{"line":187,"column":7}},"115":{"start":{"line":180,"column":8},"end":{"line":180,"column":35}},"116":{"start":{"line":181,"column":8},"end":{"line":181,"column":66}},"117":{"start":{"line":182,"column":8},"end":{"line":182,"column":22}},"118":{"start":{"line":184,"column":8},"end":{"line":184,"column":22}},"119":{"start":{"line":185,"column":8},"end":{"line":185,"column":29}},"120":{"start":{"line":186,"column":8},"end":{"line":186,"column":22}},"121":{"start":{"line":194,"column":34},"end":{"line":194,"column":42}},"122":{"start":{"line":196,"column":4},"end":{"line":201,"column":5}},"123":{"start":{"line":197,"column":8},"end":{"line":197,"column":24}},"124":{"start":{"line":198,"column":22},"end":{"line":198,"column":57}},"125":{"start":{"line":199,"column":8},"end":{"line":199,"column":24}},"126":{"start":{"line":200,"column":8},"end":{"line":200,"column":15}},"127":{"start":{"line":203,"column":17},"end":{"line":203,"column":30}},"128":{"start":{"line":205,"column":4},"end":{"line":205,"column":22}},"129":{"start":{"line":206,"column":4},"end":{"line":206,"column":33}},"130":{"start":{"line":208,"column":4},"end":{"line":208,"column":19}},"131":{"start":{"line":209,"column":4},"end":{"line":209,"column":23}},"132":{"start":{"line":212,"column":4},"end":{"line":227,"column":5}},"133":{"start":{"line":214,"column":8},"end":{"line":214,"column":37}},"134":{"start":{"line":215,"column":8},"end":{"line":215,"column":29}},"135":{"start":{"line":217,"column":18},"end":{"line":217,"column":39}},"136":{"start":{"line":218,"column":8},"end":{"line":219,"column":27}},"137":{"start":{"line":219,"column":12},"end":{"line":219,"column":27}},"138":{"start":{"line":221,"column":7},"end":{"line":226,"column":8}},"139":{"start":{"line":222,"column":18},"end":{"line":222,"column":75}},"140":{"start":{"line":223,"column":7},"end":{"line":223,"column":28}},"141":{"start":{"line":225,"column":8},"end":{"line":225,"column":30}},"142":{"start":{"line":229,"column":4},"end":{"line":262,"column":5}},"143":{"start":{"line":231,"column":8},"end":{"line":231,"column":44}},"144":{"start":{"line":232,"column":17},"end":{"line":232,"column":54}},"145":{"start":{"line":234,"column":24},"end":{"line":234,"column":54}},"146":{"start":{"line":236,"column":8},"end":{"line":239,"column":9}},"147":{"start":{"line":237,"column":12},"end":{"line":237,"column":81}},"148":{"start":{"line":238,"column":12},"end":{"line":238,"column":21}},"149":{"start":{"line":241,"column":8},"end":{"line":241,"column":34}},"150":{"start":{"line":243,"column":27},"end":{"line":247,"column":9}},"151":{"start":{"line":248,"column":8},"end":{"line":248,"column":46}},"152":{"start":{"line":249,"column":8},"end":{"line":249,"column":21}},"153":{"start":{"line":250,"column":29},"end":{"line":250,"column":84}},"154":{"start":{"line":251,"column":8},"end":{"line":261,"column":11}},"155":{"start":{"line":252,"column":12},"end":{"line":252,"column":39}},"156":{"start":{"line":253,"column":12},"end":{"line":253,"column":74}},"157":{"start":{"line":254,"column":12},"end":{"line":254,"column":37}},"158":{"start":{"line":257,"column":12},"end":{"line":257,"column":26}},"159":{"start":{"line":258,"column":12},"end":{"line":258,"column":33}},"160":{"start":{"line":259,"column":12},"end":{"line":259,"column":29}},"161":{"start":{"line":260,"column":12},"end":{"line":260,"column":38}},"162":{"start":{"line":268,"column":15},"end":{"line":268,"column":32}},"163":{"start":{"line":269,"column":44},"end":{"line":269,"column":52}},"164":{"start":{"line":270,"column":4},"end":{"line":275,"column":5}},"165":{"start":{"line":271,"column":8},"end":{"line":271,"column":24}},"166":{"start":{"line":272,"column":22},"end":{"line":272,"column":57}},"167":{"start":{"line":273,"column":8},"end":{"line":273,"column":24}},"168":{"start":{"line":274,"column":8},"end":{"line":274,"column":15}},"169":{"start":{"line":277,"column":8},"end":{"line":284,"column":5}},"170":{"start":{"line":279,"column":8},"end":{"line":279,"column":24}},"171":{"start":{"line":280,"column":22},"end":{"line":280,"column":59}},"172":{"start":{"line":281,"column":8},"end":{"line":281,"column":24}},"173":{"start":{"line":282,"column":8},"end":{"line":282,"column":15}},"174":{"start":{"line":286,"column":13},"end":{"line":286,"column":50}},"175":{"start":{"line":288,"column":14},"end":{"line":288,"column":35}},"176":{"start":{"line":289,"column":4},"end":{"line":291,"column":5}},"177":{"start":{"line":290,"column":8},"end":{"line":290,"column":23}},"178":{"start":{"line":293,"column":4},"end":{"line":319,"column":7}},"179":{"start":{"line":294,"column":8},"end":{"line":318,"column":9}},"180":{"start":{"line":295,"column":12},"end":{"line":295,"column":71}},"181":{"start":{"line":296,"column":26},"end":{"line":296,"column":70}},"182":{"start":{"line":297,"column":12},"end":{"line":297,"column":28}},"183":{"start":{"line":299,"column":27},"end":{"line":305,"column":13}},"184":{"start":{"line":306,"column":12},"end":{"line":306,"column":46}},"185":{"start":{"line":307,"column":12},"end":{"line":307,"column":25}},"186":{"start":{"line":308,"column":33},"end":{"line":308,"column":88}},"187":{"start":{"line":309,"column":12},"end":{"line":317,"column":15}},"188":{"start":{"line":310,"column":16},"end":{"line":310,"column":43}},"189":{"start":{"line":311,"column":16},"end":{"line":311,"column":74}},"190":{"start":{"line":312,"column":16},"end":{"line":312,"column":30}},"191":{"start":{"line":314,"column":16},"end":{"line":314,"column":30}},"192":{"start":{"line":315,"column":16},"end":{"line":315,"column":37}},"193":{"start":{"line":316,"column":16},"end":{"line":316,"column":30}},"194":{"start":{"line":326,"column":4},"end":{"line":342,"column":7}},"195":{"start":{"line":327,"column":8},"end":{"line":341,"column":11}},"196":{"start":{"line":328,"column":12},"end":{"line":340,"column":13}},"197":{"start":{"line":329,"column":30},"end":{"line":329,"column":102}},"198":{"start":{"line":330,"column":16},"end":{"line":330,"column":38}},"199":{"start":{"line":333,"column":31},"end":{"line":337,"column":17}},"200":{"start":{"line":339,"column":16},"end":{"line":339,"column":34}},"201":{"start":{"line":348,"column":4},"end":{"line":348,"column":29}},"202":{"start":{"line":349,"column":4},"end":{"line":349,"column":44}},"203":{"start":{"line":349,"column":21},"end":{"line":349,"column":44}},"204":{"start":{"line":354,"column":50},"end":{"line":354,"column":58}},"205":{"start":{"line":355,"column":4},"end":{"line":360,"column":5}},"206":{"start":{"line":356,"column":8},"end":{"line":356,"column":24}},"207":{"start":{"line":357,"column":22},"end":{"line":357,"column":57}},"208":{"start":{"line":358,"column":8},"end":{"line":358,"column":24}},"209":{"start":{"line":359,"column":8},"end":{"line":359,"column":15}},"210":{"start":{"line":361,"column":13},"end":{"line":361,"column":50}},"211":{"start":{"line":362,"column":20},"end":{"line":362,"column":49}},"212":{"start":{"line":363,"column":4},"end":{"line":366,"column":5}},"213":{"start":{"line":364,"column":8},"end":{"line":364,"column":36}},"214":{"start":{"line":365,"column":8},"end":{"line":365,"column":15}},"215":{"start":{"line":367,"column":21},"end":{"line":373,"column":5}},"216":{"start":{"line":374,"column":4},"end":{"line":374,"column":38}},"217":{"start":{"line":375,"column":4},"end":{"line":375,"column":17}},"218":{"start":{"line":376,"column":25},"end":{"line":376,"column":80}},"219":{"start":{"line":377,"column":4},"end":{"line":385,"column":7}},"220":{"start":{"line":378,"column":8},"end":{"line":378,"column":35}},"221":{"start":{"line":379,"column":8},"end":{"line":379,"column":66}},"222":{"start":{"line":380,"column":8},"end":{"line":380,"column":22}},"223":{"start":{"line":382,"column":8},"end":{"line":382,"column":22}},"224":{"start":{"line":383,"column":8},"end":{"line":383,"column":29}},"225":{"start":{"line":384,"column":8},"end":{"line":384,"column":22}},"226":{"start":{"line":389,"column":41},"end":{"line":389,"column":49}},"227":{"start":{"line":390,"column":4},"end":{"line":395,"column":5}},"228":{"start":{"line":391,"column":8},"end":{"line":391,"column":24}},"229":{"start":{"line":392,"column":22},"end":{"line":392,"column":57}},"230":{"start":{"line":393,"column":8},"end":{"line":393,"column":24}},"231":{"start":{"line":394,"column":8},"end":{"line":394,"column":15}},"232":{"start":{"line":396,"column":13},"end":{"line":396,"column":50}},"233":{"start":{"line":397,"column":20},"end":{"line":397,"column":49}},"234":{"start":{"line":398,"column":4},"end":{"line":401,"column":5}},"235":{"start":{"line":399,"column":8},"end":{"line":399,"column":36}},"236":{"start":{"line":400,"column":8},"end":{"line":400,"column":15}},"237":{"start":{"line":402,"column":4},"end":{"line":427,"column":5}},"238":{"start":{"line":403,"column":22},"end":{"line":403,"column":68}},"239":{"start":{"line":404,"column":8},"end":{"line":404,"column":91}},"240":{"start":{"line":404,"column":36},"end":{"line":404,"column":91}},"241":{"start":{"line":405,"column":8},"end":{"line":405,"column":29}},"242":{"start":{"line":406,"column":8},"end":{"line":406,"column":24}},"243":{"start":{"line":407,"column":8},"end":{"line":407,"column":15}},"244":{"start":{"line":409,"column":25},"end":{"line":414,"column":9}},"245":{"start":{"line":415,"column":8},"end":{"line":415,"column":42}},"246":{"start":{"line":416,"column":8},"end":{"line":416,"column":21}},"247":{"start":{"line":417,"column":29},"end":{"line":417,"column":84}},"248":{"start":{"line":418,"column":8},"end":{"line":426,"column":11}},"249":{"start":{"line":419,"column":12},"end":{"line":419,"column":39}},"250":{"start":{"line":420,"column":12},"end":{"line":420,"column":70}},"251":{"start":{"line":421,"column":12},"end":{"line":421,"column":26}},"252":{"start":{"line":423,"column":12},"end":{"line":423,"column":26}},"253":{"start":{"line":424,"column":12},"end":{"line":424,"column":33}},"254":{"start":{"line":425,"column":12},"end":{"line":425,"column":26}},"255":{"start":{"line":431,"column":26},"end":{"line":431,"column":34}},"256":{"start":{"line":432,"column":4},"end":{"line":437,"column":5}},"257":{"start":{"line":433,"column":8},"end":{"line":433,"column":24}},"258":{"start":{"line":434,"column":22},"end":{"line":434,"column":54}},"259":{"start":{"line":435,"column":8},"end":{"line":435,"column":24}},"260":{"start":{"line":436,"column":8},"end":{"line":436,"column":15}},"261":{"start":{"line":438,"column":13},"end":{"line":438,"column":50}},"262":{"start":{"line":439,"column":20},"end":{"line":439,"column":49}},"263":{"start":{"line":440,"column":4},"end":{"line":443,"column":5}},"264":{"start":{"line":441,"column":8},"end":{"line":441,"column":36}},"265":{"start":{"line":442,"column":8},"end":{"line":442,"column":15}},"266":{"start":{"line":445,"column":21},"end":{"line":448,"column":5}},"267":{"start":{"line":450,"column":4},"end":{"line":450,"column":38}},"268":{"start":{"line":451,"column":25},"end":{"line":451,"column":80}},"269":{"start":{"line":452,"column":4},"end":{"line":460,"column":7}},"270":{"start":{"line":453,"column":8},"end":{"line":453,"column":35}},"271":{"start":{"line":454,"column":8},"end":{"line":454,"column":66}},"272":{"start":{"line":455,"column":8},"end":{"line":455,"column":22}},"273":{"start":{"line":457,"column":8},"end":{"line":457,"column":22}},"274":{"start":{"line":458,"column":8},"end":{"line":458,"column":29}},"275":{"start":{"line":459,"column":8},"end":{"line":459,"column":22}},"276":{"start":{"line":466,"column":24},"end":{"line":469,"column":5}},"277":{"start":{"line":470,"column":4},"end":{"line":488,"column":5}},"278":{"start":{"line":471,"column":22},"end":{"line":471,"column":68}},"279":{"start":{"line":472,"column":8},"end":{"line":472,"column":29}},"280":{"start":{"line":473,"column":8},"end":{"line":473,"column":36}},"281":{"start":{"line":474,"column":8},"end":{"line":474,"column":36}},"282":{"start":{"line":476,"column":9},"end":{"line":488,"column":5}},"283":{"start":{"line":477,"column":8},"end":{"line":477,"column":24}},"284":{"start":{"line":478,"column":22},"end":{"line":478,"column":65}},"285":{"start":{"line":479,"column":8},"end":{"line":479,"column":36}},"286":{"start":{"line":480,"column":8},"end":{"line":480,"column":36}},"287":{"start":{"line":482,"column":9},"end":{"line":488,"column":5}},"288":{"start":{"line":483,"column":22},"end":{"line":483,"column":68}},"289":{"start":{"line":484,"column":8},"end":{"line":484,"column":91}},"290":{"start":{"line":484,"column":36},"end":{"line":484,"column":91}},"291":{"start":{"line":485,"column":8},"end":{"line":485,"column":36}},"292":{"start":{"line":486,"column":8},"end":{"line":486,"column":36}},"293":{"start":{"line":487,"column":8},"end":{"line":487,"column":29}},"294":{"start":{"line":489,"column":5},"end":{"line":489,"column":26}},"295":{"start":{"line":496,"column":24},"end":{"line":499,"column":5}},"296":{"start":{"line":500,"column":4},"end":{"line":519,"column":5}},"297":{"start":{"line":501,"column":22},"end":{"line":501,"column":68}},"298":{"start":{"line":502,"column":8},"end":{"line":502,"column":29}},"299":{"start":{"line":503,"column":8},"end":{"line":503,"column":36}},"300":{"start":{"line":504,"column":8},"end":{"line":504,"column":36}},"301":{"start":{"line":506,"column":9},"end":{"line":519,"column":5}},"302":{"start":{"line":507,"column":8},"end":{"line":507,"column":24}},"303":{"start":{"line":508,"column":22},"end":{"line":508,"column":65}},"304":{"start":{"line":509,"column":8},"end":{"line":509,"column":36}},"305":{"start":{"line":510,"column":8},"end":{"line":510,"column":36}},"306":{"start":{"line":512,"column":9},"end":{"line":519,"column":5}},"307":{"start":{"line":513,"column":22},"end":{"line":513,"column":68}},"308":{"start":{"line":514,"column":8},"end":{"line":515,"column":101}},"309":{"start":{"line":514,"column":36},"end":{"line":514,"column":91}},"310":{"start":{"line":515,"column":13},"end":{"line":515,"column":101}},"311":{"start":{"line":515,"column":43},"end":{"line":515,"column":101}},"312":{"start":{"line":516,"column":8},"end":{"line":516,"column":36}},"313":{"start":{"line":517,"column":8},"end":{"line":517,"column":36}},"314":{"start":{"line":518,"column":8},"end":{"line":518,"column":29}},"315":{"start":{"line":520,"column":5},"end":{"line":520,"column":26}},"316":{"start":{"line":527,"column":24},"end":{"line":530,"column":5}},"317":{"start":{"line":531,"column":4},"end":{"line":542,"column":5}},"318":{"start":{"line":532,"column":22},"end":{"line":532,"column":68}},"319":{"start":{"line":533,"column":8},"end":{"line":533,"column":29}},"320":{"start":{"line":534,"column":8},"end":{"line":534,"column":36}},"321":{"start":{"line":535,"column":8},"end":{"line":535,"column":36}},"322":{"start":{"line":537,"column":9},"end":{"line":542,"column":5}},"323":{"start":{"line":538,"column":8},"end":{"line":538,"column":24}},"324":{"start":{"line":539,"column":22},"end":{"line":539,"column":65}},"325":{"start":{"line":540,"column":8},"end":{"line":540,"column":36}},"326":{"start":{"line":541,"column":8},"end":{"line":541,"column":36}},"327":{"start":{"line":543,"column":5},"end":{"line":543,"column":26}},"328":{"start":{"line":548,"column":0},"end":{"line":560,"column":1}}},"fnMap":{"0":{"name":"executeCommandOnAgent","decl":{"start":{"line":7,"column":15},"end":{"line":7,"column":36}},"loc":{"start":{"line":7,"column":47},"end":{"line":41,"column":1}},"line":7},"1":{"name":"(anonymous_1)","decl":{"start":{"line":32,"column":65},"end":{"line":32,"column":66}},"loc":{"start":{"line":32,"column":74},"end":{"line":36,"column":5}},"line":32},"2":{"name":"(anonymous_2)","decl":{"start":{"line":36,"column":13},"end":{"line":36,"column":14}},"loc":{"start":{"line":36,"column":22},"end":{"line":40,"column":5}},"line":36},"3":{"name":"getOnlineAgents","decl":{"start":{"line":43,"column":9},"end":{"line":43,"column":24}},"loc":{"start":{"line":43,"column":35},"end":{"line":54,"column":1}},"line":43},"4":{"name":"dissconectAgent","decl":{"start":{"line":56,"column":15},"end":{"line":56,"column":30}},"loc":{"start":{"line":56,"column":41},"end":{"line":80,"column":1}},"line":56},"5":{"name":"connectAgent","decl":{"start":{"line":82,"column":15},"end":{"line":82,"column":27}},"loc":{"start":{"line":82,"column":38},"end":{"line":108,"column":1}},"line":82},"6":{"name":"getScreenshot","decl":{"start":{"line":110,"column":15},"end":{"line":110,"column":28}},"loc":{"start":{"line":110,"column":39},"end":{"line":141,"column":1}},"line":110},"7":{"name":"(anonymous_7)","decl":{"start":{"line":132,"column":65},"end":{"line":132,"column":66}},"loc":{"start":{"line":132,"column":74},"end":{"line":136,"column":5}},"line":132},"8":{"name":"(anonymous_8)","decl":{"start":{"line":136,"column":13},"end":{"line":136,"column":14}},"loc":{"start":{"line":136,"column":22},"end":{"line":140,"column":5}},"line":136},"9":{"name":"getFileFromAgentToFolder","decl":{"start":{"line":143,"column":15},"end":{"line":143,"column":39}},"loc":{"start":{"line":143,"column":50},"end":{"line":189,"column":1}},"line":143},"10":{"name":"(anonymous_10)","decl":{"start":{"line":179,"column":65},"end":{"line":179,"column":66}},"loc":{"start":{"line":179,"column":74},"end":{"line":183,"column":5}},"line":179},"11":{"name":"(anonymous_11)","decl":{"start":{"line":183,"column":13},"end":{"line":183,"column":14}},"loc":{"start":{"line":183,"column":22},"end":{"line":187,"column":5}},"line":183},"12":{"name":"putFilesToAgentFromFolder","decl":{"start":{"line":191,"column":15},"end":{"line":191,"column":40}},"loc":{"start":{"line":191,"column":51},"end":{"line":264,"column":1}},"line":191},"13":{"name":"(anonymous_13)","decl":{"start":{"line":251,"column":69},"end":{"line":251,"column":70}},"loc":{"start":{"line":251,"column":78},"end":{"line":256,"column":9}},"line":251},"14":{"name":"(anonymous_14)","decl":{"start":{"line":256,"column":17},"end":{"line":256,"column":18}},"loc":{"start":{"line":256,"column":26},"end":{"line":261,"column":9}},"line":256},"15":{"name":"putFileToAgentFromFolder","decl":{"start":{"line":266,"column":15},"end":{"line":266,"column":39}},"loc":{"start":{"line":266,"column":50},"end":{"line":322,"column":1}},"line":266},"16":{"name":"(anonymous_16)","decl":{"start":{"line":293,"column":62},"end":{"line":293,"column":63}},"loc":{"start":{"line":293,"column":83},"end":{"line":319,"column":5}},"line":293},"17":{"name":"(anonymous_17)","decl":{"start":{"line":309,"column":73},"end":{"line":309,"column":74}},"loc":{"start":{"line":309,"column":82},"end":{"line":313,"column":13}},"line":309},"18":{"name":"(anonymous_18)","decl":{"start":{"line":313,"column":21},"end":{"line":313,"column":22}},"loc":{"start":{"line":313,"column":30},"end":{"line":317,"column":13}},"line":313},"19":{"name":"readFile","decl":{"start":{"line":324,"column":15},"end":{"line":324,"column":23}},"loc":{"start":{"line":324,"column":43},"end":{"line":344,"column":3}},"line":324},"20":{"name":"(anonymous_20)","decl":{"start":{"line":326,"column":23},"end":{"line":326,"column":24}},"loc":{"start":{"line":326,"column":44},"end":{"line":342,"column":5}},"line":326},"21":{"name":"(anonymous_21)","decl":{"start":{"line":327,"column":66},"end":{"line":327,"column":67}},"loc":{"start":{"line":327,"column":87},"end":{"line":341,"column":9}},"line":327},"22":{"name":"addToResponse","decl":{"start":{"line":346,"column":15},"end":{"line":346,"column":28}},"loc":{"start":{"line":346,"column":44},"end":{"line":351,"column":1}},"line":346},"23":{"name":"putFileInAgentDirectly","decl":{"start":{"line":353,"column":15},"end":{"line":353,"column":37}},"loc":{"start":{"line":353,"column":48},"end":{"line":386,"column":1}},"line":353},"24":{"name":"(anonymous_24)","decl":{"start":{"line":377,"column":65},"end":{"line":377,"column":66}},"loc":{"start":{"line":377,"column":74},"end":{"line":381,"column":5}},"line":377},"25":{"name":"(anonymous_25)","decl":{"start":{"line":381,"column":13},"end":{"line":381,"column":14}},"loc":{"start":{"line":381,"column":22},"end":{"line":385,"column":5}},"line":381},"26":{"name":"getFileFromAgentDirectly","decl":{"start":{"line":388,"column":15},"end":{"line":388,"column":39}},"loc":{"start":{"line":388,"column":51},"end":{"line":428,"column":1}},"line":388},"27":{"name":"(anonymous_27)","decl":{"start":{"line":418,"column":69},"end":{"line":418,"column":70}},"loc":{"start":{"line":418,"column":78},"end":{"line":422,"column":9}},"line":418},"28":{"name":"(anonymous_28)","decl":{"start":{"line":422,"column":17},"end":{"line":422,"column":18}},"loc":{"start":{"line":422,"column":26},"end":{"line":426,"column":9}},"line":422},"29":{"name":"getInfo","decl":{"start":{"line":430,"column":15},"end":{"line":430,"column":22}},"loc":{"start":{"line":430,"column":34},"end":{"line":461,"column":1}},"line":430},"30":{"name":"(anonymous_30)","decl":{"start":{"line":452,"column":65},"end":{"line":452,"column":66}},"loc":{"start":{"line":452,"column":74},"end":{"line":456,"column":5}},"line":452},"31":{"name":"(anonymous_31)","decl":{"start":{"line":456,"column":13},"end":{"line":456,"column":14}},"loc":{"start":{"line":456,"column":22},"end":{"line":460,"column":5}},"line":456},"32":{"name":"verifyAgent","decl":{"start":{"line":463,"column":15},"end":{"line":463,"column":26}},"loc":{"start":{"line":463,"column":38},"end":{"line":491,"column":1}},"line":463},"33":{"name":"verifyAgentConnect","decl":{"start":{"line":493,"column":15},"end":{"line":493,"column":33}},"loc":{"start":{"line":493,"column":45},"end":{"line":522,"column":1}},"line":493},"34":{"name":"verifyAgentExist","decl":{"start":{"line":524,"column":15},"end":{"line":524,"column":31}},"loc":{"start":{"line":524,"column":39},"end":{"line":545,"column":1}},"line":524}},"branchMap":{"0":{"loc":{"start":{"line":9,"column":4},"end":{"line":14,"column":5}},"type":"if","locations":[{"start":{"line":9,"column":4},"end":{"line":14,"column":5}},{"start":{"line":9,"column":4},"end":{"line":14,"column":5}}],"line":9},"1":{"loc":{"start":{"line":9,"column":8},"end":{"line":9,"column":75}},"type":"binary-expr","locations":[{"start":{"line":9,"column":8},"end":{"line":9,"column":30}},{"start":{"line":9,"column":34},"end":{"line":9,"column":54}},{"start":{"line":9,"column":58},"end":{"line":9,"column":75}}],"line":9},"2":{"loc":{"start":{"line":17,"column":4},"end":{"line":20,"column":5}},"type":"if","locations":[{"start":{"line":17,"column":4},"end":{"line":20,"column":5}},{"start":{"line":17,"column":4},"end":{"line":20,"column":5}}],"line":17},"3":{"loc":{"start":{"line":50,"column":8},"end":{"line":50,"column":42}},"type":"if","locations":[{"start":{"line":50,"column":8},"end":{"line":50,"column":42}},{"start":{"line":50,"column":8},"end":{"line":50,"column":42}}],"line":50},"4":{"loc":{"start":{"line":58,"column":4},"end":{"line":63,"column":5}},"type":"if","locations":[{"start":{"line":58,"column":4},"end":{"line":63,"column":5}},{"start":{"line":58,"column":4},"end":{"line":63,"column":5}}],"line":58},"5":{"loc":{"start":{"line":66,"column":4},"end":{"line":69,"column":5}},"type":"if","locations":[{"start":{"line":66,"column":4},"end":{"line":69,"column":5}},{"start":{"line":66,"column":4},"end":{"line":69,"column":5}}],"line":66},"6":{"loc":{"start":{"line":84,"column":4},"end":{"line":89,"column":5}},"type":"if","locations":[{"start":{"line":84,"column":4},"end":{"line":89,"column":5}},{"start":{"line":84,"column":4},"end":{"line":89,"column":5}}],"line":84},"7":{"loc":{"start":{"line":92,"column":4},"end":{"line":95,"column":5}},"type":"if","locations":[{"start":{"line":92,"column":4},"end":{"line":95,"column":5}},{"start":{"line":92,"column":4},"end":{"line":95,"column":5}}],"line":92},"8":{"loc":{"start":{"line":113,"column":4},"end":{"line":118,"column":5}},"type":"if","locations":[{"start":{"line":113,"column":4},"end":{"line":118,"column":5}},{"start":{"line":113,"column":4},"end":{"line":118,"column":5}}],"line":113},"9":{"loc":{"start":{"line":121,"column":4},"end":{"line":124,"column":5}},"type":"if","locations":[{"start":{"line":121,"column":4},"end":{"line":124,"column":5}},{"start":{"line":121,"column":4},"end":{"line":124,"column":5}}],"line":121},"10":{"loc":{"start":{"line":146,"column":4},"end":{"line":151,"column":5}},"type":"if","locations":[{"start":{"line":146,"column":4},"end":{"line":151,"column":5}},{"start":{"line":146,"column":4},"end":{"line":151,"column":5}}],"line":146},"11":{"loc":{"start":{"line":146,"column":8},"end":{"line":146,"column":99}},"type":"binary-expr","locations":[{"start":{"line":146,"column":8},"end":{"line":146,"column":30}},{"start":{"line":146,"column":34},"end":{"line":146,"column":55}},{"start":{"line":146,"column":59},"end":{"line":146,"column":76}},{"start":{"line":146,"column":80},"end":{"line":146,"column":99}}],"line":146},"12":{"loc":{"start":{"line":153,"column":4},"end":{"line":160,"column":5}},"type":"if","locations":[{"start":{"line":153,"column":4},"end":{"line":160,"column":5}},{"start":{"line":153,"column":4},"end":{"line":160,"column":5}}],"line":153},"13":{"loc":{"start":{"line":153,"column":7},"end":{"line":153,"column":53}},"type":"binary-expr","locations":[{"start":{"line":153,"column":7},"end":{"line":153,"column":26}},{"start":{"line":153,"column":30},"end":{"line":153,"column":53}}],"line":153},"14":{"loc":{"start":{"line":164,"column":4},"end":{"line":167,"column":5}},"type":"if","locations":[{"start":{"line":164,"column":4},"end":{"line":167,"column":5}},{"start":{"line":164,"column":4},"end":{"line":167,"column":5}}],"line":164},"15":{"loc":{"start":{"line":196,"column":4},"end":{"line":201,"column":5}},"type":"if","locations":[{"start":{"line":196,"column":4},"end":{"line":201,"column":5}},{"start":{"line":196,"column":4},"end":{"line":201,"column":5}}],"line":196},"16":{"loc":{"start":{"line":196,"column":8},"end":{"line":196,"column":53}},"type":"binary-expr","locations":[{"start":{"line":196,"column":8},"end":{"line":196,"column":31}},{"start":{"line":196,"column":35},"end":{"line":196,"column":53}}],"line":196},"17":{"loc":{"start":{"line":218,"column":8},"end":{"line":219,"column":27}},"type":"if","locations":[{"start":{"line":218,"column":8},"end":{"line":219,"column":27}},{"start":{"line":218,"column":8},"end":{"line":219,"column":27}}],"line":218},"18":{"loc":{"start":{"line":236,"column":8},"end":{"line":239,"column":9}},"type":"if","locations":[{"start":{"line":236,"column":8},"end":{"line":239,"column":9}},{"start":{"line":236,"column":8},"end":{"line":239,"column":9}}],"line":236},"19":{"loc":{"start":{"line":270,"column":4},"end":{"line":275,"column":5}},"type":"if","locations":[{"start":{"line":270,"column":4},"end":{"line":275,"column":5}},{"start":{"line":270,"column":4},"end":{"line":275,"column":5}}],"line":270},"20":{"loc":{"start":{"line":270,"column":8},"end":{"line":270,"column":97}},"type":"binary-expr","locations":[{"start":{"line":270,"column":8},"end":{"line":270,"column":30}},{"start":{"line":270,"column":34},"end":{"line":270,"column":55}},{"start":{"line":270,"column":59},"end":{"line":270,"column":76}},{"start":{"line":270,"column":80},"end":{"line":270,"column":97}}],"line":270},"21":{"loc":{"start":{"line":277,"column":8},"end":{"line":284,"column":5}},"type":"if","locations":[{"start":{"line":277,"column":8},"end":{"line":284,"column":5}},{"start":{"line":277,"column":8},"end":{"line":284,"column":5}}],"line":277},"22":{"loc":{"start":{"line":277,"column":11},"end":{"line":277,"column":57}},"type":"binary-expr","locations":[{"start":{"line":277,"column":11},"end":{"line":277,"column":30}},{"start":{"line":277,"column":34},"end":{"line":277,"column":57}}],"line":277},"23":{"loc":{"start":{"line":289,"column":4},"end":{"line":291,"column":5}},"type":"if","locations":[{"start":{"line":289,"column":4},"end":{"line":291,"column":5}},{"start":{"line":289,"column":4},"end":{"line":291,"column":5}}],"line":289},"24":{"loc":{"start":{"line":289,"column":8},"end":{"line":289,"column":57}},"type":"binary-expr","locations":[{"start":{"line":289,"column":8},"end":{"line":289,"column":34}},{"start":{"line":289,"column":38},"end":{"line":289,"column":57}}],"line":289},"25":{"loc":{"start":{"line":294,"column":8},"end":{"line":318,"column":9}},"type":"if","locations":[{"start":{"line":294,"column":8},"end":{"line":318,"column":9}},{"start":{"line":294,"column":8},"end":{"line":318,"column":9}}],"line":294},"26":{"loc":{"start":{"line":328,"column":12},"end":{"line":340,"column":13}},"type":"if","locations":[{"start":{"line":328,"column":12},"end":{"line":340,"column":13}},{"start":{"line":328,"column":12},"end":{"line":340,"column":13}}],"line":328},"27":{"loc":{"start":{"line":349,"column":4},"end":{"line":349,"column":44}},"type":"if","locations":[{"start":{"line":349,"column":4},"end":{"line":349,"column":44}},{"start":{"line":349,"column":4},"end":{"line":349,"column":44}}],"line":349},"28":{"loc":{"start":{"line":355,"column":4},"end":{"line":360,"column":5}},"type":"if","locations":[{"start":{"line":355,"column":4},"end":{"line":360,"column":5}},{"start":{"line":355,"column":4},"end":{"line":360,"column":5}}],"line":355},"29":{"loc":{"start":{"line":355,"column":8},"end":{"line":355,"column":100}},"type":"binary-expr","locations":[{"start":{"line":355,"column":8},"end":{"line":355,"column":30}},{"start":{"line":355,"column":34},"end":{"line":355,"column":55}},{"start":{"line":355,"column":59},"end":{"line":355,"column":76}},{"start":{"line":355,"column":81},"end":{"line":355,"column":100}}],"line":355},"30":{"loc":{"start":{"line":363,"column":4},"end":{"line":366,"column":5}},"type":"if","locations":[{"start":{"line":363,"column":4},"end":{"line":366,"column":5}},{"start":{"line":363,"column":4},"end":{"line":366,"column":5}}],"line":363},"31":{"loc":{"start":{"line":390,"column":4},"end":{"line":395,"column":5}},"type":"if","locations":[{"start":{"line":390,"column":4},"end":{"line":395,"column":5}},{"start":{"line":390,"column":4},"end":{"line":395,"column":5}}],"line":390},"32":{"loc":{"start":{"line":390,"column":8},"end":{"line":390,"column":76}},"type":"binary-expr","locations":[{"start":{"line":390,"column":8},"end":{"line":390,"column":30}},{"start":{"line":390,"column":34},"end":{"line":390,"column":55}},{"start":{"line":390,"column":59},"end":{"line":390,"column":76}}],"line":390},"33":{"loc":{"start":{"line":398,"column":4},"end":{"line":401,"column":5}},"type":"if","locations":[{"start":{"line":398,"column":4},"end":{"line":401,"column":5}},{"start":{"line":398,"column":4},"end":{"line":401,"column":5}}],"line":398},"34":{"loc":{"start":{"line":402,"column":4},"end":{"line":427,"column":5}},"type":"if","locations":[{"start":{"line":402,"column":4},"end":{"line":427,"column":5}},{"start":{"line":402,"column":4},"end":{"line":427,"column":5}}],"line":402},"35":{"loc":{"start":{"line":402,"column":8},"end":{"line":402,"column":85}},"type":"binary-expr","locations":[{"start":{"line":402,"column":9},"end":{"line":402,"column":30}},{"start":{"line":402,"column":34},"end":{"line":402,"column":58}},{"start":{"line":402,"column":63},"end":{"line":402,"column":85}}],"line":402},"36":{"loc":{"start":{"line":404,"column":8},"end":{"line":404,"column":91}},"type":"if","locations":[{"start":{"line":404,"column":8},"end":{"line":404,"column":91}},{"start":{"line":404,"column":8},"end":{"line":404,"column":91}}],"line":404},"37":{"loc":{"start":{"line":432,"column":4},"end":{"line":437,"column":5}},"type":"if","locations":[{"start":{"line":432,"column":4},"end":{"line":437,"column":5}},{"start":{"line":432,"column":4},"end":{"line":437,"column":5}}],"line":432},"38":{"loc":{"start":{"line":440,"column":4},"end":{"line":443,"column":5}},"type":"if","locations":[{"start":{"line":440,"column":4},"end":{"line":443,"column":5}},{"start":{"line":440,"column":4},"end":{"line":443,"column":5}}],"line":440},"39":{"loc":{"start":{"line":470,"column":4},"end":{"line":488,"column":5}},"type":"if","locations":[{"start":{"line":470,"column":4},"end":{"line":488,"column":5}},{"start":{"line":470,"column":4},"end":{"line":488,"column":5}}],"line":470},"40":{"loc":{"start":{"line":476,"column":9},"end":{"line":488,"column":5}},"type":"if","locations":[{"start":{"line":476,"column":9},"end":{"line":488,"column":5}},{"start":{"line":476,"column":9},"end":{"line":488,"column":5}}],"line":476},"41":{"loc":{"start":{"line":482,"column":9},"end":{"line":488,"column":5}},"type":"if","locations":[{"start":{"line":482,"column":9},"end":{"line":488,"column":5}},{"start":{"line":482,"column":9},"end":{"line":488,"column":5}}],"line":482},"42":{"loc":{"start":{"line":482,"column":13},"end":{"line":482,"column":90}},"type":"binary-expr","locations":[{"start":{"line":482,"column":14},"end":{"line":482,"column":35}},{"start":{"line":482,"column":39},"end":{"line":482,"column":63}},{"start":{"line":482,"column":68},"end":{"line":482,"column":90}}],"line":482},"43":{"loc":{"start":{"line":484,"column":8},"end":{"line":484,"column":91}},"type":"if","locations":[{"start":{"line":484,"column":8},"end":{"line":484,"column":91}},{"start":{"line":484,"column":8},"end":{"line":484,"column":91}}],"line":484},"44":{"loc":{"start":{"line":500,"column":4},"end":{"line":519,"column":5}},"type":"if","locations":[{"start":{"line":500,"column":4},"end":{"line":519,"column":5}},{"start":{"line":500,"column":4},"end":{"line":519,"column":5}}],"line":500},"45":{"loc":{"start":{"line":506,"column":9},"end":{"line":519,"column":5}},"type":"if","locations":[{"start":{"line":506,"column":9},"end":{"line":519,"column":5}},{"start":{"line":506,"column":9},"end":{"line":519,"column":5}}],"line":506},"46":{"loc":{"start":{"line":512,"column":9},"end":{"line":519,"column":5}},"type":"if","locations":[{"start":{"line":512,"column":9},"end":{"line":519,"column":5}},{"start":{"line":512,"column":9},"end":{"line":519,"column":5}}],"line":512},"47":{"loc":{"start":{"line":512,"column":14},"end":{"line":512,"column":63}},"type":"binary-expr","locations":[{"start":{"line":512,"column":14},"end":{"line":512,"column":35}},{"start":{"line":512,"column":39},"end":{"line":512,"column":63}}],"line":512},"48":{"loc":{"start":{"line":514,"column":8},"end":{"line":515,"column":101}},"type":"if","locations":[{"start":{"line":514,"column":8},"end":{"line":515,"column":101}},{"start":{"line":514,"column":8},"end":{"line":515,"column":101}}],"line":514},"49":{"loc":{"start":{"line":515,"column":13},"end":{"line":515,"column":101}},"type":"if","locations":[{"start":{"line":515,"column":13},"end":{"line":515,"column":101}},{"start":{"line":515,"column":13},"end":{"line":515,"column":101}}],"line":515},"50":{"loc":{"start":{"line":531,"column":4},"end":{"line":542,"column":5}},"type":"if","locations":[{"start":{"line":531,"column":4},"end":{"line":542,"column":5}},{"start":{"line":531,"column":4},"end":{"line":542,"column":5}}],"line":531},"51":{"loc":{"start":{"line":537,"column":9},"end":{"line":542,"column":5}},"type":"if","locations":[{"start":{"line":537,"column":9},"end":{"line":542,"column":5}},{"start":{"line":537,"column":9},"end":{"line":542,"column":5}}],"line":537}},"s":{"0":1,"1":1,"2":1,"3":1,"4":1,"5":0,"6":0,"7":0,"8":0,"9":0,"10":0,"11":0,"12":0,"13":0,"14":0,"15":0,"16":0,"17":0,"18":0,"19":0,"20":0,"21":0,"22":0,"23":0,"24":0,"25":0,"26":0,"27":0,"28":3,"29":3,"30":3,"31":3,"32":3,"33":3,"34":1,"35":2,"36":3,"37":1,"38":1,"39":0,"40":0,"41":0,"42":0,"43":1,"44":1,"45":1,"46":0,"47":0,"48":1,"49":1,"50":1,"51":1,"52":1,"53":1,"54":1,"55":1,"56":0,"57":0,"58":0,"59":0,"60":1,"61":1,"62":1,"63":0,"64":0,"65":1,"66":1,"67":1,"68":1,"69":1,"70":2,"71":2,"72":0,"73":0,"74":0,"75":0,"76":2,"77":2,"78":2,"79":1,"80":1,"81":1,"82":1,"83":1,"84":1,"85":1,"86":1,"87":1,"88":1,"89":0,"90":0,"91":0,"92":0,"93":0,"94":0,"95":0,"96":0,"97":0,"98":0,"99":0,"100":0,"101":0,"102":0,"103":0,"104":0,"105":0,"106":0,"107":0,"108":0,"109":0,"110":0,"111":0,"112":0,"113":0,"114":0,"115":0,"116":0,"117":0,"118":0,"119":0,"120":0,"121":0,"122":0,"123":0,"124":0,"125":0,"126":0,"127":0,"128":0,"129":0,"130":0,"131":0,"132":0,"133":0,"134":0,"135":0,"136":0,"137":0,"138":0,"139":0,"140":0,"141":0,"142":0,"143":0,"144":0,"145":0,"146":0,"147":0,"148":0,"149":0,"150":0,"151":0,"152":0,"153":0,"154":0,"155":0,"156":0,"157":0,"158":0,"159":0,"160":0,"161":0,"162":0,"163":0,"164":0,"165":0,"166":0,"167":0,"168":0,"169":0,"170":0,"171":0,"172":0,"173":0,"174":0,"175":0,"176":0,"177":0,"178":0,"179":0,"180":0,"181":0,"182":0,"183":0,"184":0,"185":0,"186":0,"187":0,"188":0,"189":0,"190":0,"191":0,"192":0,"193":0,"194":0,"195":0,"196":0,"197":0,"198":0,"199":0,"200":0,"201":0,"202":0,"203":0,"204":1,"205":1,"206":0,"207":0,"208":0,"209":0,"210":1,"211":1,"212":1,"213":0,"214":0,"215":1,"216":1,"217":1,"218":1,"219":1,"220":1,"221":1,"222":1,"223":0,"224":0,"225":0,"226":1,"227":1,"228":0,"229":0,"230":0,"231":0,"232":1,"233":1,"234":1,"235":0,"236":0,"237":1,"238":0,"239":0,"240":0,"241":0,"242":0,"243":0,"244":1,"245":1,"246":1,"247":1,"248":1,"249":1,"250":1,"251":1,"252":0,"253":0,"254":0,"255":1,"256":1,"257":0,"258":0,"259":0,"260":0,"261":1,"262":1,"263":1,"264":0,"265":0,"266":1,"267":1,"268":1,"269":1,"270":1,"271":1,"272":1,"273":0,"274":0,"275":0,"276":5,"277":5,"278":0,"279":0,"280":0,"281":0,"282":5,"283":0,"284":0,"285":0,"286":0,"287":5,"288":1,"289":1,"290":1,"291":1,"292":1,"293":1,"294":5,"295":2,"296":2,"297":0,"298":0,"299":0,"300":0,"301":2,"302":0,"303":0,"304":0,"305":0,"306":2,"307":0,"308":0,"309":0,"310":0,"311":0,"312":0,"313":0,"314":0,"315":2,"316":0,"317":0,"318":0,"319":0,"320":0,"321":0,"322":0,"323":0,"324":0,"325":0,"326":0,"327":0,"328":1},"f":{"0":0,"1":0,"2":0,"3":3,"4":1,"5":1,"6":2,"7":1,"8":0,"9":0,"10":0,"11":0,"12":0,"13":0,"14":0,"15":0,"16":0,"17":0,"18":0,"19":0,"20":0,"21":0,"22":0,"23":1,"24":1,"25":0,"26":1,"27":1,"28":0,"29":1,"30":1,"31":0,"32":5,"33":2,"34":0},"b":{"0":[0,0],"1":[0,
[...]
e":96,"column":17}},"type":"if","locations":[{"start":{"line":86,"column":16},"end":{"line":96,"column":17}},{"start":{"line":86,"column":16},"end":{"line":96,"column":17}}],"line":86},"10":{"loc":{"start":{"line":105,"column":4},"end":{"line":110,"column":5}},"type":"if","locations":[{"start":{"line":105,"column":4},"end":{"line":110,"column":5}},{"start":{"line":105,"column":4},"end":{"line":110,"column":5}}],"line":105},"11":{"loc":{"start":{"line":105,"column":8},"end":{"line":105,"column":50}},"type":"binary-expr","locations":[{"start":{"line":105,"column":8},"end":{"line":105,"column":29}},{"start":{"line":105,"column":33},"end":{"line":105,"column":50}}],"line":105},"12":{"loc":{"start":{"line":113,"column":8},"end":{"line":123,"column":9}},"type":"if","locations":[{"start":{"line":113,"column":8},"end":{"line":123,"column":9}},{"start":{"line":113,"column":8},"end":{"line":123,"column":9}}],"line":113},"13":{"loc":{"start":{"line":130,"column":2},"end":{"line":135,"column":5}},"type":"if","locations":[{"start":{"line":130,"column":2},"end":{"line":135,"column":5}},{"start":{"line":130,"column":2},"end":{"line":135,"column":5}}],"line":130},"14":{"loc":{"start":{"line":130,"column":6},"end":{"line":130,"column":71}},"type":"binary-expr","locations":[{"start":{"line":130,"column":6},"end":{"line":130,"column":23}},{"start":{"line":130,"column":27},"end":{"line":130,"column":47}},{"start":{"line":130,"column":51},"end":{"line":130,"column":71}}],"line":130},"15":{"loc":{"start":{"line":140,"column":8},"end":{"line":151,"column":9}},"type":"if","locations":[{"start":{"line":140,"column":8},"end":{"line":151,"column":9}},{"start":{"line":140,"column":8},"end":{"line":151,"column":9}}],"line":140},"16":{"loc":{"start":{"line":157,"column":4},"end":{"line":162,"column":5}},"type":"if","locations":[{"start":{"line":157,"column":4},"end":{"line":162,"column":5}},{"start":{"line":157,"column":4},"end":{"line":162,"column":5}}],"line":157},"17":{"loc":{"start":{"line":157,"column":8},"end":{"line":157,"column":50}},"type":"binary-expr","locations":[{"start":{"line":157,"column":8},"end":{"line":157,"column":25}},{"start":{"line":157,"column":29},"end":{"line":157,"column":50}}],"line":157},"18":{"loc":{"start":{"line":165,"column":8},"end":{"line":176,"column":9}},"type":"if","locations":[{"start":{"line":165,"column":8},"end":{"line":176,"column":9}},{"start":{"line":165,"column":8},"end":{"line":176,"column":9}}],"line":165},"19":{"loc":{"start":{"line":182,"column":4},"end":{"line":187,"column":5}},"type":"if","locations":[{"start":{"line":182,"column":4},"end":{"line":187,"column":5}},{"start":{"line":182,"column":4},"end":{"line":187,"column":5}}],"line":182},"20":{"loc":{"start":{"line":182,"column":8},"end":{"line":182,"column":52}},"type":"binary-expr","locations":[{"start":{"line":182,"column":8},"end":{"line":182,"column":25}},{"start":{"line":182,"column":29},"end":{"line":182,"column":52}}],"line":182},"21":{"loc":{"start":{"line":190,"column":4},"end":{"line":201,"column":5}},"type":"if","locations":[{"start":{"line":190,"column":4},"end":{"line":201,"column":5}},{"start":{"line":190,"column":4},"end":{"line":201,"column":5}}],"line":190},"22":{"loc":{"start":{"line":206,"column":4},"end":{"line":211,"column":5}},"type":"if","locations":[{"start":{"line":206,"column":4},"end":{"line":211,"column":5}},{"start":{"line":206,"column":4},"end":{"line":211,"column":5}}],"line":206},"23":{"loc":{"start":{"line":206,"column":8},"end":{"line":206,"column":52}},"type":"binary-expr","locations":[{"start":{"line":206,"column":8},"end":{"line":206,"column":25}},{"start":{"line":206,"column":29},"end":{"line":206,"column":52}}],"line":206},"24":{"loc":{"start":{"line":214,"column":8},"end":{"line":224,"column":9}},"type":"if","locations":[{"start":{"line":214,"column":8},"end":{"line":224,"column":9}},{"start":{"line":214,"column":8},"end":{"line":224,"column":9}}],"line":214},"25":{"loc":{"start":{"line":231,"column":4},"end":{"line":236,"column":5}},"type":"if","locations":[{"start":{"line":231,"column":4},"end":{"line":236,"column":5}},{"start":{"line":231,"column":4},"end":{"line":236,"column":5}}],"line":231},"26":{"loc":{"start":{"line":231,"column":8},"end":{"line":231,"column":73}},"type":"binary-expr","locations":[{"start":{"line":231,"column":8},"end":{"line":231,"column":28}},{"start":{"line":231,"column":32},"end":{"line":231,"column":52}},{"start":{"line":231,"column":56},"end":{"line":231,"column":73}}],"line":231},"27":{"loc":{"start":{"line":242,"column":8},"end":{"line":253,"column":9}},"type":"if","locations":[{"start":{"line":242,"column":8},"end":{"line":253,"column":9}},{"start":{"line":242,"column":8},"end":{"line":253,"column":9}}],"line":242},"28":{"loc":{"start":{"line":260,"column":4},"end":{"line":265,"column":5}},"type":"if","locations":[{"start":{"line":260,"column":4},"end":{"line":265,"column":5}},{"start":{"line":260,"column":4},"end":{"line":265,"column":5}}],"line":260},"29":{"loc":{"start":{"line":260,"column":8},"end":{"line":260,"column":73}},"type":"binary-expr","locations":[{"start":{"line":260,"column":8},"end":{"line":260,"column":28}},{"start":{"line":260,"column":32},"end":{"line":260,"column":52}},{"start":{"line":260,"column":56},"end":{"line":260,"column":73}}],"line":260},"30":{"loc":{"start":{"line":271,"column":8},"end":{"line":283,"column":9}},"type":"if","locations":[{"start":{"line":271,"column":8},"end":{"line":283,"column":9}},{"start":{"line":271,"column":8},"end":{"line":283,"column":9}}],"line":271},"31":{"loc":{"start":{"line":293,"column":4},"end":{"line":297,"column":5}},"type":"if","locations":[{"start":{"line":293,"column":4},"end":{"line":297,"column":5}},{"start":{"line":293,"column":4},"end":{"line":297,"column":5}}],"line":293},"32":{"loc":{"start":{"line":293,"column":8},"end":{"line":293,"column":55}},"type":"binary-expr","locations":[{"start":{"line":293,"column":8},"end":{"line":293,"column":30}},{"start":{"line":293,"column":34},"end":{"line":293,"column":55}}],"line":293},"33":{"loc":{"start":{"line":299,"column":4},"end":{"line":302,"column":30}},"type":"if","locations":[{"start":{"line":299,"column":4},"end":{"line":302,"column":30}},{"start":{"line":299,"column":4},"end":{"line":302,"column":30}}],"line":299},"34":{"loc":{"start":{"line":304,"column":8},"end":{"line":315,"column":9}},"type":"if","locations":[{"start":{"line":304,"column":8},"end":{"line":315,"column":9}},{"start":{"line":304,"column":8},"end":{"line":315,"column":9}}],"line":304},"35":{"loc":{"start":{"line":321,"column":4},"end":{"line":326,"column":5}},"type":"if","locations":[{"start":{"line":321,"column":4},"end":{"line":326,"column":5}},{"start":{"line":321,"column":4},"end":{"line":326,"column":5}}],"line":321},"36":{"loc":{"start":{"line":321,"column":8},"end":{"line":321,"column":99}},"type":"binary-expr","locations":[{"start":{"line":321,"column":8},"end":{"line":321,"column":30}},{"start":{"line":321,"column":34},"end":{"line":321,"column":55}},{"start":{"line":321,"column":59},"end":{"line":321,"column":78}},{"start":{"line":321,"column":82},"end":{"line":321,"column":99}}],"line":321},"37":{"loc":{"start":{"line":329,"column":4},"end":{"line":332,"column":31}},"type":"if","locations":[{"start":{"line":329,"column":4},"end":{"line":332,"column":31}},{"start":{"line":329,"column":4},"end":{"line":332,"column":31}}],"line":329},"38":{"loc":{"start":{"line":334,"column":8},"end":{"line":380,"column":9}},"type":"if","locations":[{"start":{"line":334,"column":8},"end":{"line":380,"column":9}},{"start":{"line":334,"column":8},"end":{"line":380,"column":9}}],"line":334},"39":{"loc":{"start":{"line":341,"column":16},"end":{"line":378,"column":17}},"type":"if","locations":[{"start":{"line":341,"column":16},"end":{"line":378,"column":17}},{"start":{"line":341,"column":16},"end":{"line":378,"column":17}}],"line":341},"40":{"loc":{"start":{"line":348,"column":20},"end":{"line":377,"column":21}},"type":"if","locations":[{"start":{"line":348,"column":20},"end":{"line":377,"column":21}},{"start":{"line":348,"column":20},"end":{"line":377,"column":21}}],"line":348},"41":{"loc":{"start":{"line":350,"column":24},"end":{"line":355,"column":25}},"type":"if","locations":[{"start":{"line":350,"column":24},"end":{"line":355,"column":25}},{"start":{"line":350,"column":24},"end":{"line":355,"column":25}}],"line":350},"42":{"loc":{"start":{"line":386,"column":4},"end":{"line":391,"column":5}},"type":"if","locations":[{"start":{"line":386,"column":4},"end":{"line":391,"column":5}},{"start":{"line":386,"column":4},"end":{"line":391,"column":5}}],"line":386},"43":{"loc":{"start":{"line":393,"column":4},"end":{"line":395,"column":5}},"type":"if","locations":[{"start":{"line":393,"column":4},"end":{"line":395,"column":5}},{"start":{"line":393,"column":4},"end":{"line":395,"column":5}}],"line":393},"44":{"loc":{"start":{"line":403,"column":4},"end":{"line":408,"column":5}},"type":"if","locations":[{"start":{"line":403,"column":4},"end":{"line":408,"column":5}},{"start":{"line":403,"column":4},"end":{"line":408,"column":5}}],"line":403},"45":{"loc":{"start":{"line":411,"column":8},"end":{"line":422,"column":9}},"type":"if","locations":[{"start":{"line":411,"column":8},"end":{"line":422,"column":9}},{"start":{"line":411,"column":8},"end":{"line":422,"column":9}}],"line":411},"46":{"loc":{"start":{"line":429,"column":2},"end":{"line":434,"column":5}},"type":"if","locations":[{"start":{"line":429,"column":2},"end":{"line":434,"column":5}},{"start":{"line":429,"column":2},"end":{"line":434,"column":5}}],"line":429},"47":{"loc":{"start":{"line":429,"column":6},"end":{"line":429,"column":71}},"type":"binary-expr","locations":[{"start":{"line":429,"column":6},"end":{"line":429,"column":23}},{"start":{"line":429,"column":27},"end":{"line":429,"column":47}},{"start":{"line":429,"column":51},"end":{"line":429,"column":71}}],"line":429},"48":{"loc":{"start":{"line":439,"column":8},"end":{"line":450,"column":9}},"type":"if","locations":[{"start":{"line":439,"column":8},"end":{"line":450,"column":9}},{"start":{"line":439,"column":8},"end":{"line":450,"column":9}}],"line":439},"49":{"loc":{"start":{"line":456,"column":4},"end":{"line":461,"column":5}},"type":"if","locations":[{"start":{"line":456,"column":4},"end":{"line":461,"column":5}},{"start":{"line":456,"column":4},"end":{"line":461,"column":5}}],"line":456},"50":{"loc":{"start":{"line":456,"column":8},"end":{"line":456,"column":50}},"type":"binary-expr","locations":[{"start":{"line":456,"column":8},"end":{"line":456,"column":25}},{"start":{"line":456,"column":29},"end":{"line":456,"column":50}}],"line":456},"51":{"loc":{"start":{"line":464,"column":8},"end":{"line":475,"column":9}},"type":"if","locations":[{"start":{"line":464,"column":8},"end":{"line":475,"column":9}},{"start":{"line":464,"column":8},"end":{"line":475,"column":9}}],"line":464},"52":{"loc":{"start":{"line":481,"column":4},"end":{"line":486,"column":5}},"type":"if","locations":[{"start":{"line":481,"column":4},"end":{"line":486,"column":5}},{"start":{"line":481,"column":4},"end":{"line":486,"column":5}}],"line":481},"53":{"loc":{"start":{"line":481,"column":8},"end":{"line":481,"column":52}},"type":"binary-expr","locations":[{"start":{"line":481,"column":8},"end":{"line":481,"column":25}},{"start":{"line":481,"column":29},"end":{"line":481,"column":52}}],"line":481},"54":{"loc":{"start":{"line":489,"column":4},"end":{"line":500,"column":5}},"type":"if","locations":[{"start":{"line":489,"column":4},"end":{"line":500,"column":5}},{"start":{"line":489,"column":4},"end":{"line":500,"column":5}}],"line":489},"55":{"loc":{"start":{"line":505,"column":4},"end":{"line":510,"column":5}},"type":"if","locations":[{"start":{"line":505,"column":4},"end":{"line":510,"column":5}},{"start":{"line":505,"column":4},"end":{"line":510,"column":5}}],"line":505},"56":{"loc":{"start":{"line":505,"column":8},"end":{"line":505,"column":52}},"type":"binary-expr","locations":[{"start":{"line":505,"column":8},"end":{"line":505,"column":25}},{"start":{"line":505,"column":29},"end":{"line":505,"column":52}}],"line":505},"57":{"loc":{"start":{"line":513,"column":8},"end":{"line":523,"column":9}},"type":"if","locations":[{"start":{"line":513,"column":8},"end":{"line":523,"column":9}},{"start":{"line":513,"column":8},"end":{"line":523,"column":9}}],"line":513},"58":{"loc":{"start":{"line":530,"column":4},"end":{"line":535,"column":5}},"type":"if","locations":[{"start":{"line":530,"column":4},"end":{"line":535,"column":5}},{"start":{"line":530,"column":4},"end":{"line":535,"column":5}}],"line":530},"59":{"loc":{"start":{"line":530,"column":8},"end":{"line":530,"column":73}},"type":"binary-expr","locations":[{"start":{"line":530,"column":8},"end":{"line":530,"column":28}},{"start":{"line":530,"column":32},"end":{"line":530,"column":52}},{"start":{"line":530,"column":56},"end":{"line":530,"column":73}}],"line":530},"60":{"loc":{"start":{"line":541,"column":8},"end":{"line":552,"column":9}},"type":"if","locations":[{"start":{"line":541,"column":8},"end":{"line":552,"column":9}},{"start":{"line":541,"column":8},"end":{"line":552,"column":9}}],"line":541},"61":{"loc":{"start":{"line":559,"column":4},"end":{"line":564,"column":5}},"type":"if","locations":[{"start":{"line":559,"column":4},"end":{"line":564,"column":5}},{"start":{"line":559,"column":4},"end":{"line":564,"column":5}}],"line":559},"62":{"loc":{"start":{"line":559,"column":8},"end":{"line":559,"column":73}},"type":"binary-expr","locations":[{"start":{"line":559,"column":8},"end":{"line":559,"column":28}},{"start":{"line":559,"column":32},"end":{"line":559,"column":52}},{"start":{"line":559,"column":56},"end":{"line":559,"column":73}}],"line":559},"63":{"loc":{"start":{"line":570,"column":8},"end":{"line":582,"column":9}},"type":"if","locations":[{"start":{"line":570,"column":8},"end":{"line":582,"column":9}},{"start":{"line":570,"column":8},"end":{"line":582,"column":9}}],"line":570}},"s":{"0":1,"1":1,"2":1,"3":1,"4":1,"5":1,"6":1,"7":0,"8":0,"9":0,"10":0,"11":0,"12":0,"13":0,"14":0,"15":0,"16":0,"17":0,"18":0,"19":3,"20":3,"21":0,"22":0,"23":0,"24":0,"25":3,"26":3,"27":3,"28":1,"29":1,"30":1,"31":2,"32":2,"33":2,"34":2,"35":2,"36":0,"37":2,"38":2,"39":2,"40":2,"41":2,"42":0,"43":0,"44":0,"45":0,"46":2,"47":2,"48":2,"49":2,"50":0,"51":0,"52":0,"53":2,"54":2,"55":0,"56":0,"57":0,"58":2,"59":2,"60":2,"61":2,"62":0,"63":0,"64":0,"65":0,"66":2,"67":2,"68":2,"69":1,"70":1,"71":1,"72":1,"73":1,"74":1,"75":1,"76":1,"77":1,"78":1,"79":1,"80":0,"81":0,"82":0,"83":0,"84":0,"85":0,"86":0,"87":0,"88":0,"89":0,"90":0,"91":0,"92":0,"93":0,"94":0,"95":0,"96":0,"97":0,"98":0,"99":0,"100":0,"101":0,"102":0,"103":0,"104":0,"105":0,"106":0,"107":0,"108":0,"109":0,"110":0,"111":0,"112":0,"113":0,"114":0,"115":0,"116":0,"117":0,"118":0,"119":0,"120":0,"121":0,"122":0,"123":0,"124":0,"125":0,"126":0,"127":0,"128":0,"129":0,"130":0,"131":0,"132":0,"133":0,"134":0,"135":0,"136":0,"137":0,"138":0,"139":0,"140":0,"141":0,"142":0,"143":0,"144":0,"145":0,"146":0,"147":0,"148":0,"149":0,"150":0,"151":0,"152":0,"153":0,"154":0,"155":0,"156":0,"157":0,"158":0,"159":0,"160":0,"161":0,"162":0,"163":0,"164":2,"165":2,"166":0,"167":0,"168":0,"169":2,"170":2,"171":0,"172":2,"173":2,"174":2,"175":1,"176":1,"177":1,"178":1,"179":1,"180":1,"181":3,"182":3,"183":1,"184":1,"185":1,"186":1,"187":2,"188":2,"189":2,"190":0,"191":2,"192":2,"193":2,"194":0,"195":0,"196":0,"197":0,"198":2,"199":2,"200":0,"201":0,"202":0,"203":0,"204":2,"205":2,"206":0,"207":0,"208":0,"209":0,"210":0,"211":0,"212":0,"213":0,"214":0,"215":0,"216":0,"217":0,"218":0,"219":0,"220":0,"221":0,"222":2,"223":2,"224":2,"225":0,"226":0,"227":0,"228":0,"229":2,"230":2,"231":0,"232":2,"233":2,"234":2,"235":1,"236":1,"237":0,"238":0,"239":0,"240":0,"241":1,"242":1,"243":1,"244":1,"245":1,"246":1,"247":0,"248":0,"249":0,"250":0,"251":0,"252":0,"253":0,"254":0,"255":0,"256":0,"257":0,"258":0,"259":0,"260":0,"261":0,"262":0,"263":0,"264":0,"265":0,"266":0,"267":0,"268":0,"269":0,"270":0,"271":0,"272":0,"273":0,"274":0,"275":0,"276":0,"277":0,"278":0,"279":0,"280":0,"281":0,"282":0,"283":0,"284":0,"285":0,"286":0,"287":0,"288":0,"289":0,"290":0,"291":0,"292":0,"293":0,"294":0,"295":0,"296":0,"297":0,"298":0,"299":0,"300":0,"301":0,"302":0,"303":0,"304":0,"305":0,"306":0,"307":0,"308":0,"309":0,"310":0,"311":0,"312":0,"313":0,"314":0,"315":0,"316":0,"317":0,"318":0,"319":0,"320":0,"321":0,"322":0,"323":0,"324":0,"325":0,"326":0,"327":0,"328":0,"329":0,"330":0,"331":0,"332":0,"333":0,"334":0,"335":0,"336":0,"337":0,"338":0,"339":0,"340":1},"f":{"0":0,"1":0,"2":3,"3":3,"4":2,"5":2,"6":2,"7":2,"8":2,"9":2,"10":1,"11":0,"12":0,"13":0,"14":0,"15":0,"16":0,"17":0,"18":0,"19":0,"20":0,"21":2,"22":2,"23":3,"24":2,"25":2,"26":0,"27":0,"28":2,"29":1,"30":1,"31":0,"32":0,"33":0,"34":0,"35":0,"36":0,"37":0,"38":0,"39":0,"40":0,"41":0},"b":{"0":[0,0],"1":[0,0],"2":[0,0],"3":[0,3],"4":[1,2],"5":[0,2],"6":[0,2],"7":[2,2],"8":[0,2],"9":[0,2],"10":[0,2],"11":[2,2],"12":[1,1],"13":[1,0],"14":[1,1,0],"15":[0,0],"16":[0,0],"17":[0,0],"18":[0,0],"19":[0,0],"20":[0,0],"21":[0,0],"22":[0,0],"23":[0,0],"24":[0,0],"25":[0,0],"26":[0,0,0],"27":[0,0],"28":[0,0],"29":[0,0,0],"30":[0,0],"31":[0,2],"32":[2,2],"33":[0,2],"34":[1,1],"35":[1,2],"36":[3,3,3,2],"37":[0,2],"38":[0,2],"39":[0,2],"40":[0,2],"41":[0,0],"42":[0,2],"43":[0,2],"44":[0,1],"45":[1,0],"46":[0,0],"47":[0,0,0],"48":[0,0],"49":[0,0],"50":[0,0],"51":[0,0],"52":[0,0],"53":[0,0],"54":[0,0],"55":[0,0],"56":[0,0],"57":[0,0],"58":[0,0],"59":[0,0,0],"60":[0,0],"61":[0,0],"62":[0,0,0],"63":[0,0]},"_coverageSchema":"1a1c01bbd47fc00a2c39e90264f33305004495a9","hash":"59c7ad7e55a8471f15d1dc971c9eeba69471688e","contentHash":"553d7aeec971ea9ab08640484a1d23dfc0e50abea639728a6d0baef1c81682e6"},"C:\\Users\\BIOS Servis\\Desktop\\Projekti\\SI-server-grupa5\\models\\admin-token.js":{"path":"C:\\Users\\BIOS Servis\\Desktop\\Projekti\\SI-server-grupa5\\models\\admin-token.js","statementMap":{"0":{"start":{"line":2,"column":14},"end":{"line":2,"column":35}},"1":{"start":{"line":4,"column":17},"end":{"line":4,"column":21}},"2":{"start":{"line":8,"column":4},"end":{"line":8,"column":42}},"3":{"start":{"line":8,"column":24},"end":{"line":8,"column":42}},"4":{"start":{"line":9,"column":4},"end":{"line":31,"column":5}},"5":{"start":{"line":11,"column":30},"end":{"line":22,"column":10}},"6":{"start":{"line":18,"column":28},"end":{"line":18,"column":43}},"7":{"start":{"line":20,"column":10},"end":{"line":20,"column":40}},"8":{"start":{"line":21,"column":10},"end":{"line":21,"column":28}},"9":{"start":{"line":23,"column":8},"end":{"line":23,"column":43}},"10":{"start":{"line":24,"column":8},"end":{"line":24,"column":30}},"11":{"start":{"line":30,"column":8},"end":{"line":30,"column":48}},"12":{"start":{"line":34,"column":0},"end":{"line":34,"column":45}}},"fnMap":{"0":{"name":"getAdminToken","decl":{"start":{"line":6,"column":15},"end":{"line":6,"column":28}},"loc":{"start":{"line":6,"column":40},"end":{"line":32,"column":1}},"line":6},"1":{"name":"(anonymous_1)","decl":{"start":{"line":18,"column":16},"end":{"line":18,"column":17}},"loc":{"start":{"line":18,"column":28},"end":{"line":18,"column":43}},"line":18},"2":{"name":"(anonymous_2)","decl":{"start":{"line":19,"column":14},"end":{"line":19,"column":15}},"loc":{"start":{"line":19,"column":22},"end":{"line":22,"column":9}},"line":19}},"branchMap":{"0":{"loc":{"start":{"line":8,"column":4},"end":{"line":8,"column":42}},"type":"if","locations":[{"start":{"line":8,"column":4},"end":{"line":8,"column":42}},{"start":{"line":8,"column":4},"end":{"line":8,"column":42}}],"line":8}},"s":{"0":1,"1":1,"2":1,"3":0,"4":1,"5":1,"6":1,"7":1,"8":1,"9":1,"10":1,"11":0,"12":1},"f":{"0":1,"1":1,"2":1},"b":{"0":[0,1]},"_coverageSchema":"1a1c01bbd47fc00a2c39e90264f33305004495a9","hash":"33a40df45f64133d87692e983fe33397ef5d0c96","contentHash":"2d965ef97883a3a15b0d776118b31a75cedb16861ae040615d2ee34ffaab5e7f"}}